# project  configured on Tue Nov 26 19:52:30 2019 by
# waf 2.0.17 (abi 20, python 20711f0 on darwin)
# using ./waf configure
#
----------------------------------------
Setting top to
/Users/Qianshu/Downloads/code/plc_3.0/plc-3.01
----------------------------------------
Setting out to
/Users/Qianshu/Downloads/code/plc_3.0/plc-3.01/build
----------------------------------------
Checking for program 'gcc, cc'
/usr/bin/gcc
find program=['gcc', 'cc'] paths=['/Users/Qianshu/.nvm/versions/node/v8.9.1/bin', '/opt/local/bin', '/opt/local/sbin', '/usr/local/bin', '/usr/bin', '/bin', '/usr/sbin', '/sbin', '/Library/TeX/texbin', '/opt/X11/bin', '/Users/Qianshu/Software/MG5_aMC_v2_4_2/bin/', '~/Scripts'] var='CC' -> ['/usr/bin/gcc']
['/usr/bin/gcc', '-dM', '-E', '-']
out: #define OBJC_NEW_PROPERTIES 1
#define _LP64 1
#define __APPLE_CC__ 6000
#define __APPLE__ 1
#define __ATOMIC_ACQUIRE 2
#define __ATOMIC_ACQ_REL 4
#define __ATOMIC_CONSUME 1
#define __ATOMIC_RELAXED 0
#define __ATOMIC_RELEASE 3
#define __ATOMIC_SEQ_CST 5
#define __BIGGEST_ALIGNMENT__ 16
#define __BLOCKS__ 1
#define __BYTE_ORDER__ __ORDER_LITTLE_ENDIAN__
#define __CHAR16_TYPE__ unsigned short
#define __CHAR32_TYPE__ unsigned int
#define __CHAR_BIT__ 8
#define __CLANG_ATOMIC_BOOL_LOCK_FREE 2
#define __CLANG_ATOMIC_CHAR16_T_LOCK_FREE 2
#define __CLANG_ATOMIC_CHAR32_T_LOCK_FREE 2
#define __CLANG_ATOMIC_CHAR_LOCK_FREE 2
#define __CLANG_ATOMIC_INT_LOCK_FREE 2
#define __CLANG_ATOMIC_LLONG_LOCK_FREE 2
#define __CLANG_ATOMIC_LONG_LOCK_FREE 2
#define __CLANG_ATOMIC_POINTER_LOCK_FREE 2
#define __CLANG_ATOMIC_SHORT_LOCK_FREE 2
#define __CLANG_ATOMIC_WCHAR_T_LOCK_FREE 2
#define __CONSTANT_CFSTRINGS__ 1
#define __DBL_DECIMAL_DIG__ 17
#define __DBL_DENORM_MIN__ 4.9406564584124654e-324
#define __DBL_DIG__ 15
#define __DBL_EPSILON__ 2.2204460492503131e-16
#define __DBL_HAS_DENORM__ 1
#define __DBL_HAS_INFINITY__ 1
#define __DBL_HAS_QUIET_NAN__ 1
#define __DBL_MANT_DIG__ 53
#define __DBL_MAX_10_EXP__ 308
#define __DBL_MAX_EXP__ 1024
#define __DBL_MAX__ 1.7976931348623157e+308
#define __DBL_MIN_10_EXP__ (-307)
#define __DBL_MIN_EXP__ (-1021)
#define __DBL_MIN__ 2.2250738585072014e-308
#define __DECIMAL_DIG__ __LDBL_DECIMAL_DIG__
#define __DYNAMIC__ 1
#define __ENVIRONMENT_MAC_OS_X_VERSION_MIN_REQUIRED__ 101400
#define __FINITE_MATH_ONLY__ 0
#define __FLT16_DECIMAL_DIG__ 5
#define __FLT16_DENORM_MIN__ 5.9604644775390625e-8F16
#define __FLT16_DIG__ 3
#define __FLT16_EPSILON__ 9.765625e-4F16
#define __FLT16_HAS_DENORM__ 1
#define __FLT16_HAS_INFINITY__ 1
#define __FLT16_HAS_QUIET_NAN__ 1
#define __FLT16_MANT_DIG__ 11
#define __FLT16_MAX_10_EXP__ 4
#define __FLT16_MAX_EXP__ 15
#define __FLT16_MAX__ 6.5504e+4F16
#define __FLT16_MIN_10_EXP__ (-13)
#define __FLT16_MIN_EXP__ (-14)
#define __FLT16_MIN__ 6.103515625e-5F16
#define __FLT_DECIMAL_DIG__ 9
#define __FLT_DENORM_MIN__ 1.40129846e-45F
#define __FLT_DIG__ 6
#define __FLT_EPSILON__ 1.19209290e-7F
#define __FLT_EVAL_METHOD__ 0
#define __FLT_HAS_DENORM__ 1
#define __FLT_HAS_INFINITY__ 1
#define __FLT_HAS_QUIET_NAN__ 1
#define __FLT_MANT_DIG__ 24
#define __FLT_MAX_10_EXP__ 38
#define __FLT_MAX_EXP__ 128
#define __FLT_MAX__ 3.40282347e+38F
#define __FLT_MIN_10_EXP__ (-37)
#define __FLT_MIN_EXP__ (-125)
#define __FLT_MIN__ 1.17549435e-38F
#define __FLT_RADIX__ 2
#define __FXSR__ 1
#define __GCC_ATOMIC_BOOL_LOCK_FREE 2
#define __GCC_ATOMIC_CHAR16_T_LOCK_FREE 2
#define __GCC_ATOMIC_CHAR32_T_LOCK_FREE 2
#define __GCC_ATOMIC_CHAR_LOCK_FREE 2
#define __GCC_ATOMIC_INT_LOCK_FREE 2
#define __GCC_ATOMIC_LLONG_LOCK_FREE 2
#define __GCC_ATOMIC_LONG_LOCK_FREE 2
#define __GCC_ATOMIC_POINTER_LOCK_FREE 2
#define __GCC_ATOMIC_SHORT_LOCK_FREE 2
#define __GCC_ATOMIC_TEST_AND_SET_TRUEVAL 1
#define __GCC_ATOMIC_WCHAR_T_LOCK_FREE 2
#define __GCC_HAVE_SYNC_COMPARE_AND_SWAP_1 1
#define __GCC_HAVE_SYNC_COMPARE_AND_SWAP_16 1
#define __GCC_HAVE_SYNC_COMPARE_AND_SWAP_2 1
#define __GCC_HAVE_SYNC_COMPARE_AND_SWAP_4 1
#define __GCC_HAVE_SYNC_COMPARE_AND_SWAP_8 1
#define __GNUC_MINOR__ 2
#define __GNUC_PATCHLEVEL__ 1
#define __GNUC_STDC_INLINE__ 1
#define __GNUC__ 4
#define __GXX_ABI_VERSION 1002
#define __INT16_C_SUFFIX__ 
#define __INT16_FMTd__ "hd"
#define __INT16_FMTi__ "hi"
#define __INT16_MAX__ 32767
#define __INT16_TYPE__ short
#define __INT32_C_SUFFIX__ 
#define __INT32_FMTd__ "d"
#define __INT32_FMTi__ "i"
#define __INT32_MAX__ 2147483647
#define __INT32_TYPE__ int
#define __INT64_C_SUFFIX__ LL
#define __INT64_FMTd__ "lld"
#define __INT64_FMTi__ "lli"
#define __INT64_MAX__ 9223372036854775807LL
#define __INT64_TYPE__ long long int
#define __INT8_C_SUFFIX__ 
#define __INT8_FMTd__ "hhd"
#define __INT8_FMTi__ "hhi"
#define __INT8_MAX__ 127
#define __INT8_TYPE__ signed char
#define __INTMAX_C_SUFFIX__ L
#define __INTMAX_FMTd__ "ld"
#define __INTMAX_FMTi__ "li"
#define __INTMAX_MAX__ 9223372036854775807L
#define __INTMAX_TYPE__ long int
#define __INTMAX_WIDTH__ 64
#define __INTPTR_FMTd__ "ld"
#define __INTPTR_FMTi__ "li"
#define __INTPTR_MAX__ 9223372036854775807L
#define __INTPTR_TYPE__ long int
#define __INTPTR_WIDTH__ 64
#define __INT_FAST16_FMTd__ "hd"
#define __INT_FAST16_FMTi__ "hi"
#define __INT_FAST16_MAX__ 32767
#define __INT_FAST16_TYPE__ short
#define __INT_FAST32_FMTd__ "d"
#define __INT_FAST32_FMTi__ "i"
#define __INT_FAST32_MAX__ 2147483647
#define __INT_FAST32_TYPE__ int
#define __INT_FAST64_FMTd__ "lld"
#define __INT_FAST64_FMTi__ "lli"
#define __INT_FAST64_MAX__ 9223372036854775807LL
#define __INT_FAST64_TYPE__ long long int
#define __INT_FAST8_FMTd__ "hhd"
#define __INT_FAST8_FMTi__ "hhi"
#define __INT_FAST8_MAX__ 127
#define __INT_FAST8_TYPE__ signed char
#define __INT_LEAST16_FMTd__ "hd"
#define __INT_LEAST16_FMTi__ "hi"
#define __INT_LEAST16_MAX__ 32767
#define __INT_LEAST16_TYPE__ short
#define __INT_LEAST32_FMTd__ "d"
#define __INT_LEAST32_FMTi__ "i"
#define __INT_LEAST32_MAX__ 2147483647
#define __INT_LEAST32_TYPE__ int
#define __INT_LEAST64_FMTd__ "lld"
#define __INT_LEAST64_FMTi__ "lli"
#define __INT_LEAST64_MAX__ 9223372036854775807LL
#define __INT_LEAST64_TYPE__ long long int
#define __INT_LEAST8_FMTd__ "hhd"
#define __INT_LEAST8_FMTi__ "hhi"
#define __INT_LEAST8_MAX__ 127
#define __INT_LEAST8_TYPE__ signed char
#define __INT_MAX__ 2147483647
#define __LDBL_DECIMAL_DIG__ 21
#define __LDBL_DENORM_MIN__ 3.64519953188247460253e-4951L
#define __LDBL_DIG__ 18
#define __LDBL_EPSILON__ 1.08420217248550443401e-19L
#define __LDBL_HAS_DENORM__ 1
#define __LDBL_HAS_INFINITY__ 1
#define __LDBL_HAS_QUIET_NAN__ 1
#define __LDBL_MANT_DIG__ 64
#define __LDBL_MAX_10_EXP__ 4932
#define __LDBL_MAX_EXP__ 16384
#define __LDBL_MAX__ 1.18973149535723176502e+4932L
#define __LDBL_MIN_10_EXP__ (-4931)
#define __LDBL_MIN_EXP__ (-16381)
#define __LDBL_MIN__ 3.36210314311209350626e-4932L
#define __LITTLE_ENDIAN__ 1
#define __LONG_LONG_MAX__ 9223372036854775807LL
#define __LONG_MAX__ 9223372036854775807L
#define __LP64__ 1
#define __MACH__ 1
#define __MMX__ 1
#define __NO_INLINE__ 1
#define __NO_MATH_INLINES 1
#define __OBJC_BOOL_IS_BOOL 0
#define __OPENCL_MEMORY_SCOPE_ALL_SVM_DEVICES 3
#define __OPENCL_MEMORY_SCOPE_DEVICE 2
#define __OPENCL_MEMORY_SCOPE_SUB_GROUP 4
#define __OPENCL_MEMORY_SCOPE_WORK_GROUP 1
#define __OPENCL_MEMORY_SCOPE_WORK_ITEM 0
#define __ORDER_BIG_ENDIAN__ 4321
#define __ORDER_LITTLE_ENDIAN__ 1234
#define __ORDER_PDP_ENDIAN__ 3412
#define __PIC__ 2
#define __POINTER_WIDTH__ 64
#define __PRAGMA_REDEFINE_EXTNAME 1
#define __PTRDIFF_FMTd__ "ld"
#define __PTRDIFF_FMTi__ "li"
#define __PTRDIFF_MAX__ 9223372036854775807L
#define __PTRDIFF_TYPE__ long int
#define __PTRDIFF_WIDTH__ 64
#define __REGISTER_PREFIX__ 
#define __SCHAR_MAX__ 127
#define __SHRT_MAX__ 32767
#define __SIG_ATOMIC_MAX__ 2147483647
#define __SIG_ATOMIC_WIDTH__ 32
#define __SIZEOF_DOUBLE__ 8
#define __SIZEOF_FLOAT__ 4
#define __SIZEOF_INT128__ 16
#define __SIZEOF_INT__ 4
#define __SIZEOF_LONG_DOUBLE__ 16
#define __SIZEOF_LONG_LONG__ 8
#define __SIZEOF_LONG__ 8
#define __SIZEOF_POINTER__ 8
#define __SIZEOF_PTRDIFF_T__ 8
#define __SIZEOF_SHORT__ 2
#define __SIZEOF_SIZE_T__ 8
#define __SIZEOF_WCHAR_T__ 4
#define __SIZEOF_WINT_T__ 4
#define __SIZE_FMTX__ "lX"
#define __SIZE_FMTo__ "lo"
#define __SIZE_FMTu__ "lu"
#define __SIZE_FMTx__ "lx"
#define __SIZE_MAX__ 18446744073709551615UL
#define __SIZE_TYPE__ long unsigned int
#define __SIZE_WIDTH__ 64
#define __SSE2_MATH__ 1
#define __SSE2__ 1
#define __SSE3__ 1
#define __SSE4_1__ 1
#define __SSE_MATH__ 1
#define __SSE__ 1
#define __SSP__ 1
#define __SSSE3__ 1
#define __STDC_HOSTED__ 1
#define __STDC_NO_THREADS__ 1
#define __STDC_UTF_16__ 1
#define __STDC_UTF_32__ 1
#define __STDC_VERSION__ 201112L
#define __STDC__ 1
#define __UINT16_C_SUFFIX__ 
#define __UINT16_FMTX__ "hX"
#define __UINT16_FMTo__ "ho"
#define __UINT16_FMTu__ "hu"
#define __UINT16_FMTx__ "hx"
#define __UINT16_MAX__ 65535
#define __UINT16_TYPE__ unsigned short
#define __UINT32_C_SUFFIX__ U
#define __UINT32_FMTX__ "X"
#define __UINT32_FMTo__ "o"
#define __UINT32_FMTu__ "u"
#define __UINT32_FMTx__ "x"
#define __UINT32_MAX__ 4294967295U
#define __UINT32_TYPE__ unsigned int
#define __UINT64_C_SUFFIX__ ULL
#define __UINT64_FMTX__ "llX"
#define __UINT64_FMTo__ "llo"
#define __UINT64_FMTu__ "llu"
#define __UINT64_FMTx__ "llx"
#define __UINT64_MAX__ 18446744073709551615ULL
#define __UINT64_TYPE__ long long unsigned int
#define __UINT8_C_SUFFIX__ 
#define __UINT8_FMTX__ "hhX"
#define __UINT8_FMTo__ "hho"
#define __UINT8_FMTu__ "hhu"
#define __UINT8_FMTx__ "hhx"
#define __UINT8_MAX__ 255
#define __UINT8_TYPE__ unsigned char
#define __UINTMAX_C_SUFFIX__ UL
#define __UINTMAX_FMTX__ "lX"
#define __UINTMAX_FMTo__ "lo"
#define __UINTMAX_FMTu__ "lu"
#define __UINTMAX_FMTx__ "lx"
#define __UINTMAX_MAX__ 18446744073709551615UL
#define __UINTMAX_TYPE__ long unsigned int
#define __UINTMAX_WIDTH__ 64
#define __UINTPTR_FMTX__ "lX"
#define __UINTPTR_FMTo__ "lo"
#define __UINTPTR_FMTu__ "lu"
#define __UINTPTR_FMTx__ "lx"
#define __UINTPTR_MAX__ 18446744073709551615UL
#define __UINTPTR_TYPE__ long unsigned int
#define __UINTPTR_WIDTH__ 64
#define __UINT_FAST16_FMTX__ "hX"
#define __UINT_FAST16_FMTo__ "ho"
#define __UINT_FAST16_FMTu__ "hu"
#define __UINT_FAST16_FMTx__ "hx"
#define __UINT_FAST16_MAX__ 65535
#define __UINT_FAST16_TYPE__ unsigned short
#define __UINT_FAST32_FMTX__ "X"
#define __UINT_FAST32_FMTo__ "o"
#define __UINT_FAST32_FMTu__ "u"
#define __UINT_FAST32_FMTx__ "x"
#define __UINT_FAST32_MAX__ 4294967295U
#define __UINT_FAST32_TYPE__ unsigned int
#define __UINT_FAST64_FMTX__ "llX"
#define __UINT_FAST64_FMTo__ "llo"
#define __UINT_FAST64_FMTu__ "llu"
#define __UINT_FAST64_FMTx__ "llx"
#define __UINT_FAST64_MAX__ 18446744073709551615ULL
#define __UINT_FAST64_TYPE__ long long unsigned int
#define __UINT_FAST8_FMTX__ "hhX"
#define __UINT_FAST8_FMTo__ "hho"
#define __UINT_FAST8_FMTu__ "hhu"
#define __UINT_FAST8_FMTx__ "hhx"
#define __UINT_FAST8_MAX__ 255
#define __UINT_FAST8_TYPE__ unsigned char
#define __UINT_LEAST16_FMTX__ "hX"
#define __UINT_LEAST16_FMTo__ "ho"
#define __UINT_LEAST16_FMTu__ "hu"
#define __UINT_LEAST16_FMTx__ "hx"
#define __UINT_LEAST16_MAX__ 65535
#define __UINT_LEAST16_TYPE__ unsigned short
#define __UINT_LEAST32_FMTX__ "X"
#define __UINT_LEAST32_FMTo__ "o"
#define __UINT_LEAST32_FMTu__ "u"
#define __UINT_LEAST32_FMTx__ "x"
#define __UINT_LEAST32_MAX__ 4294967295U
#define __UINT_LEAST32_TYPE__ unsigned int
#define __UINT_LEAST64_FMTX__ "llX"
#define __UINT_LEAST64_FMTo__ "llo"
#define __UINT_LEAST64_FMTu__ "llu"
#define __UINT_LEAST64_FMTx__ "llx"
#define __UINT_LEAST64_MAX__ 18446744073709551615ULL
#define __UINT_LEAST64_TYPE__ long long unsigned int
#define __UINT_LEAST8_FMTX__ "hhX"
#define __UINT_LEAST8_FMTo__ "hho"
#define __UINT_LEAST8_FMTu__ "hhu"
#define __UINT_LEAST8_FMTx__ "hhx"
#define __UINT_LEAST8_MAX__ 255
#define __UINT_LEAST8_TYPE__ unsigned char
#define __USER_LABEL_PREFIX__ _
#define __VERSION__ "4.2.1 Compatible Apple LLVM 11.0.0 (clang-1100.0.33.12)"
#define __WCHAR_MAX__ 2147483647
#define __WCHAR_TYPE__ int
#define __WCHAR_WIDTH__ 32
#define __WINT_MAX__ 2147483647
#define __WINT_TYPE__ int
#define __WINT_WIDTH__ 32
#define __amd64 1
#define __amd64__ 1
#define __apple_build_version__ 11000033
#define __block __attribute__((__blocks__(byref)))
#define __clang__ 1
#define __clang_major__ 11
#define __clang_minor__ 0
#define __clang_patchlevel__ 0
#define __clang_version__ "11.0.0 (clang-1100.0.33.12)"
#define __code_model_small_ 1
#define __core2 1
#define __core2__ 1
#define __llvm__ 1
#define __nonnull _Nonnull
#define __null_unspecified _Null_unspecified
#define __nullable _Nullable
#define __pic__ 2
#define __strong 
#define __tune_core2__ 1
#define __unsafe_unretained 
#define __weak __attribute__((objc_gc(weak)))
#define __x86_64 1
#define __x86_64__ 1

from /Users/Qianshu/Downloads/code/plc_3.0/plc-3.01: Could not find gcc/g++ (only Clang), if renamed try eg: CC=gcc48 CXX=g++48 waf configure
----------------------------------------
Checking for program 'icc, ICL'
not found
find program=['icc', 'ICL'] paths=['/Users/Qianshu/.nvm/versions/node/v8.9.1/bin', '/opt/local/bin', '/opt/local/sbin', '/usr/local/bin', '/usr/bin', '/bin', '/usr/sbin', '/sbin', '/Library/TeX/texbin', '/opt/X11/bin', '/Users/Qianshu/Software/MG5_aMC_v2_4_2/bin/', '~/Scripts'] var='CC' -> None
from /Users/Qianshu/Downloads/code/plc_3.0/plc-3.01: Could not find the program ['icc', 'ICL']
----------------------------------------
Checking for program 'clang'
/usr/bin/clang
find program=['clang'] paths=['/Users/Qianshu/.nvm/versions/node/v8.9.1/bin', '/opt/local/bin', '/opt/local/sbin', '/usr/local/bin', '/usr/bin', '/bin', '/usr/sbin', '/sbin', '/Library/TeX/texbin', '/opt/X11/bin', '/Users/Qianshu/Software/MG5_aMC_v2_4_2/bin/', '~/Scripts'] var='CC' -> ['/usr/bin/clang']
['/usr/bin/clang', '-dM', '-E', '-']
out: #define OBJC_NEW_PROPERTIES 1
#define _LP64 1
#define __APPLE_CC__ 6000
#define __APPLE__ 1
#define __ATOMIC_ACQUIRE 2
#define __ATOMIC_ACQ_REL 4
#define __ATOMIC_CONSUME 1
#define __ATOMIC_RELAXED 0
#define __ATOMIC_RELEASE 3
#define __ATOMIC_SEQ_CST 5
#define __BIGGEST_ALIGNMENT__ 16
#define __BLOCKS__ 1
#define __BYTE_ORDER__ __ORDER_LITTLE_ENDIAN__
#define __CHAR16_TYPE__ unsigned short
#define __CHAR32_TYPE__ unsigned int
#define __CHAR_BIT__ 8
#define __CLANG_ATOMIC_BOOL_LOCK_FREE 2
#define __CLANG_ATOMIC_CHAR16_T_LOCK_FREE 2
#define __CLANG_ATOMIC_CHAR32_T_LOCK_FREE 2
#define __CLANG_ATOMIC_CHAR_LOCK_FREE 2
#define __CLANG_ATOMIC_INT_LOCK_FREE 2
#define __CLANG_ATOMIC_LLONG_LOCK_FREE 2
#define __CLANG_ATOMIC_LONG_LOCK_FREE 2
#define __CLANG_ATOMIC_POINTER_LOCK_FREE 2
#define __CLANG_ATOMIC_SHORT_LOCK_FREE 2
#define __CLANG_ATOMIC_WCHAR_T_LOCK_FREE 2
#define __CONSTANT_CFSTRINGS__ 1
#define __DBL_DECIMAL_DIG__ 17
#define __DBL_DENORM_MIN__ 4.9406564584124654e-324
#define __DBL_DIG__ 15
#define __DBL_EPSILON__ 2.2204460492503131e-16
#define __DBL_HAS_DENORM__ 1
#define __DBL_HAS_INFINITY__ 1
#define __DBL_HAS_QUIET_NAN__ 1
#define __DBL_MANT_DIG__ 53
#define __DBL_MAX_10_EXP__ 308
#define __DBL_MAX_EXP__ 1024
#define __DBL_MAX__ 1.7976931348623157e+308
#define __DBL_MIN_10_EXP__ (-307)
#define __DBL_MIN_EXP__ (-1021)
#define __DBL_MIN__ 2.2250738585072014e-308
#define __DECIMAL_DIG__ __LDBL_DECIMAL_DIG__
#define __DYNAMIC__ 1
#define __ENVIRONMENT_MAC_OS_X_VERSION_MIN_REQUIRED__ 101400
#define __FINITE_MATH_ONLY__ 0
#define __FLT16_DECIMAL_DIG__ 5
#define __FLT16_DENORM_MIN__ 5.9604644775390625e-8F16
#define __FLT16_DIG__ 3
#define __FLT16_EPSILON__ 9.765625e-4F16
#define __FLT16_HAS_DENORM__ 1
#define __FLT16_HAS_INFINITY__ 1
#define __FLT16_HAS_QUIET_NAN__ 1
#define __FLT16_MANT_DIG__ 11
#define __FLT16_MAX_10_EXP__ 4
#define __FLT16_MAX_EXP__ 15
#define __FLT16_MAX__ 6.5504e+4F16
#define __FLT16_MIN_10_EXP__ (-13)
#define __FLT16_MIN_EXP__ (-14)
#define __FLT16_MIN__ 6.103515625e-5F16
#define __FLT_DECIMAL_DIG__ 9
#define __FLT_DENORM_MIN__ 1.40129846e-45F
#define __FLT_DIG__ 6
#define __FLT_EPSILON__ 1.19209290e-7F
#define __FLT_EVAL_METHOD__ 0
#define __FLT_HAS_DENORM__ 1
#define __FLT_HAS_INFINITY__ 1
#define __FLT_HAS_QUIET_NAN__ 1
#define __FLT_MANT_DIG__ 24
#define __FLT_MAX_10_EXP__ 38
#define __FLT_MAX_EXP__ 128
#define __FLT_MAX__ 3.40282347e+38F
#define __FLT_MIN_10_EXP__ (-37)
#define __FLT_MIN_EXP__ (-125)
#define __FLT_MIN__ 1.17549435e-38F
#define __FLT_RADIX__ 2
#define __FXSR__ 1
#define __GCC_ATOMIC_BOOL_LOCK_FREE 2
#define __GCC_ATOMIC_CHAR16_T_LOCK_FREE 2
#define __GCC_ATOMIC_CHAR32_T_LOCK_FREE 2
#define __GCC_ATOMIC_CHAR_LOCK_FREE 2
#define __GCC_ATOMIC_INT_LOCK_FREE 2
#define __GCC_ATOMIC_LLONG_LOCK_FREE 2
#define __GCC_ATOMIC_LONG_LOCK_FREE 2
#define __GCC_ATOMIC_POINTER_LOCK_FREE 2
#define __GCC_ATOMIC_SHORT_LOCK_FREE 2
#define __GCC_ATOMIC_TEST_AND_SET_TRUEVAL 1
#define __GCC_ATOMIC_WCHAR_T_LOCK_FREE 2
#define __GCC_HAVE_SYNC_COMPARE_AND_SWAP_1 1
#define __GCC_HAVE_SYNC_COMPARE_AND_SWAP_16 1
#define __GCC_HAVE_SYNC_COMPARE_AND_SWAP_2 1
#define __GCC_HAVE_SYNC_COMPARE_AND_SWAP_4 1
#define __GCC_HAVE_SYNC_COMPARE_AND_SWAP_8 1
#define __GNUC_MINOR__ 2
#define __GNUC_PATCHLEVEL__ 1
#define __GNUC_STDC_INLINE__ 1
#define __GNUC__ 4
#define __GXX_ABI_VERSION 1002
#define __INT16_C_SUFFIX__ 
#define __INT16_FMTd__ "hd"
#define __INT16_FMTi__ "hi"
#define __INT16_MAX__ 32767
#define __INT16_TYPE__ short
#define __INT32_C_SUFFIX__ 
#define __INT32_FMTd__ "d"
#define __INT32_FMTi__ "i"
#define __INT32_MAX__ 2147483647
#define __INT32_TYPE__ int
#define __INT64_C_SUFFIX__ LL
#define __INT64_FMTd__ "lld"
#define __INT64_FMTi__ "lli"
#define __INT64_MAX__ 9223372036854775807LL
#define __INT64_TYPE__ long long int
#define __INT8_C_SUFFIX__ 
#define __INT8_FMTd__ "hhd"
#define __INT8_FMTi__ "hhi"
#define __INT8_MAX__ 127
#define __INT8_TYPE__ signed char
#define __INTMAX_C_SUFFIX__ L
#define __INTMAX_FMTd__ "ld"
#define __INTMAX_FMTi__ "li"
#define __INTMAX_MAX__ 9223372036854775807L
#define __INTMAX_TYPE__ long int
#define __INTMAX_WIDTH__ 64
#define __INTPTR_FMTd__ "ld"
#define __INTPTR_FMTi__ "li"
#define __INTPTR_MAX__ 9223372036854775807L
#define __INTPTR_TYPE__ long int
#define __INTPTR_WIDTH__ 64
#define __INT_FAST16_FMTd__ "hd"
#define __INT_FAST16_FMTi__ "hi"
#define __INT_FAST16_MAX__ 32767
#define __INT_FAST16_TYPE__ short
#define __INT_FAST32_FMTd__ "d"
#define __INT_FAST32_FMTi__ "i"
#define __INT_FAST32_MAX__ 2147483647
#define __INT_FAST32_TYPE__ int
#define __INT_FAST64_FMTd__ "lld"
#define __INT_FAST64_FMTi__ "lli"
#define __INT_FAST64_MAX__ 9223372036854775807LL
#define __INT_FAST64_TYPE__ long long int
#define __INT_FAST8_FMTd__ "hhd"
#define __INT_FAST8_FMTi__ "hhi"
#define __INT_FAST8_MAX__ 127
#define __INT_FAST8_TYPE__ signed char
#define __INT_LEAST16_FMTd__ "hd"
#define __INT_LEAST16_FMTi__ "hi"
#define __INT_LEAST16_MAX__ 32767
#define __INT_LEAST16_TYPE__ short
#define __INT_LEAST32_FMTd__ "d"
#define __INT_LEAST32_FMTi__ "i"
#define __INT_LEAST32_MAX__ 2147483647
#define __INT_LEAST32_TYPE__ int
#define __INT_LEAST64_FMTd__ "lld"
#define __INT_LEAST64_FMTi__ "lli"
#define __INT_LEAST64_MAX__ 9223372036854775807LL
#define __INT_LEAST64_TYPE__ long long int
#define __INT_LEAST8_FMTd__ "hhd"
#define __INT_LEAST8_FMTi__ "hhi"
#define __INT_LEAST8_MAX__ 127
#define __INT_LEAST8_TYPE__ signed char
#define __INT_MAX__ 2147483647
#define __LDBL_DECIMAL_DIG__ 21
#define __LDBL_DENORM_MIN__ 3.64519953188247460253e-4951L
#define __LDBL_DIG__ 18
#define __LDBL_EPSILON__ 1.08420217248550443401e-19L
#define __LDBL_HAS_DENORM__ 1
#define __LDBL_HAS_INFINITY__ 1
#define __LDBL_HAS_QUIET_NAN__ 1
#define __LDBL_MANT_DIG__ 64
#define __LDBL_MAX_10_EXP__ 4932
#define __LDBL_MAX_EXP__ 16384
#define __LDBL_MAX__ 1.18973149535723176502e+4932L
#define __LDBL_MIN_10_EXP__ (-4931)
#define __LDBL_MIN_EXP__ (-16381)
#define __LDBL_MIN__ 3.36210314311209350626e-4932L
#define __LITTLE_ENDIAN__ 1
#define __LONG_LONG_MAX__ 9223372036854775807LL
#define __LONG_MAX__ 9223372036854775807L
#define __LP64__ 1
#define __MACH__ 1
#define __MMX__ 1
#define __NO_INLINE__ 1
#define __NO_MATH_INLINES 1
#define __OBJC_BOOL_IS_BOOL 0
#define __OPENCL_MEMORY_SCOPE_ALL_SVM_DEVICES 3
#define __OPENCL_MEMORY_SCOPE_DEVICE 2
#define __OPENCL_MEMORY_SCOPE_SUB_GROUP 4
#define __OPENCL_MEMORY_SCOPE_WORK_GROUP 1
#define __OPENCL_MEMORY_SCOPE_WORK_ITEM 0
#define __ORDER_BIG_ENDIAN__ 4321
#define __ORDER_LITTLE_ENDIAN__ 1234
#define __ORDER_PDP_ENDIAN__ 3412
#define __PIC__ 2
#define __POINTER_WIDTH__ 64
#define __PRAGMA_REDEFINE_EXTNAME 1
#define __PTRDIFF_FMTd__ "ld"
#define __PTRDIFF_FMTi__ "li"
#define __PTRDIFF_MAX__ 9223372036854775807L
#define __PTRDIFF_TYPE__ long int
#define __PTRDIFF_WIDTH__ 64
#define __REGISTER_PREFIX__ 
#define __SCHAR_MAX__ 127
#define __SHRT_MAX__ 32767
#define __SIG_ATOMIC_MAX__ 2147483647
#define __SIG_ATOMIC_WIDTH__ 32
#define __SIZEOF_DOUBLE__ 8
#define __SIZEOF_FLOAT__ 4
#define __SIZEOF_INT128__ 16
#define __SIZEOF_INT__ 4
#define __SIZEOF_LONG_DOUBLE__ 16
#define __SIZEOF_LONG_LONG__ 8
#define __SIZEOF_LONG__ 8
#define __SIZEOF_POINTER__ 8
#define __SIZEOF_PTRDIFF_T__ 8
#define __SIZEOF_SHORT__ 2
#define __SIZEOF_SIZE_T__ 8
#define __SIZEOF_WCHAR_T__ 4
#define __SIZEOF_WINT_T__ 4
#define __SIZE_FMTX__ "lX"
#define __SIZE_FMTo__ "lo"
#define __SIZE_FMTu__ "lu"
#define __SIZE_FMTx__ "lx"
#define __SIZE_MAX__ 18446744073709551615UL
#define __SIZE_TYPE__ long unsigned int
#define __SIZE_WIDTH__ 64
#define __SSE2_MATH__ 1
#define __SSE2__ 1
#define __SSE3__ 1
#define __SSE4_1__ 1
#define __SSE_MATH__ 1
#define __SSE__ 1
#define __SSP__ 1
#define __SSSE3__ 1
#define __STDC_HOSTED__ 1
#define __STDC_NO_THREADS__ 1
#define __STDC_UTF_16__ 1
#define __STDC_UTF_32__ 1
#define __STDC_VERSION__ 201112L
#define __STDC__ 1
#define __UINT16_C_SUFFIX__ 
#define __UINT16_FMTX__ "hX"
#define __UINT16_FMTo__ "ho"
#define __UINT16_FMTu__ "hu"
#define __UINT16_FMTx__ "hx"
#define __UINT16_MAX__ 65535
#define __UINT16_TYPE__ unsigned short
#define __UINT32_C_SUFFIX__ U
#define __UINT32_FMTX__ "X"
#define __UINT32_FMTo__ "o"
#define __UINT32_FMTu__ "u"
#define __UINT32_FMTx__ "x"
#define __UINT32_MAX__ 4294967295U
#define __UINT32_TYPE__ unsigned int
#define __UINT64_C_SUFFIX__ ULL
#define __UINT64_FMTX__ "llX"
#define __UINT64_FMTo__ "llo"
#define __UINT64_FMTu__ "llu"
#define __UINT64_FMTx__ "llx"
#define __UINT64_MAX__ 18446744073709551615ULL
#define __UINT64_TYPE__ long long unsigned int
#define __UINT8_C_SUFFIX__ 
#define __UINT8_FMTX__ "hhX"
#define __UINT8_FMTo__ "hho"
#define __UINT8_FMTu__ "hhu"
#define __UINT8_FMTx__ "hhx"
#define __UINT8_MAX__ 255
#define __UINT8_TYPE__ unsigned char
#define __UINTMAX_C_SUFFIX__ UL
#define __UINTMAX_FMTX__ "lX"
#define __UINTMAX_FMTo__ "lo"
#define __UINTMAX_FMTu__ "lu"
#define __UINTMAX_FMTx__ "lx"
#define __UINTMAX_MAX__ 18446744073709551615UL
#define __UINTMAX_TYPE__ long unsigned int
#define __UINTMAX_WIDTH__ 64
#define __UINTPTR_FMTX__ "lX"
#define __UINTPTR_FMTo__ "lo"
#define __UINTPTR_FMTu__ "lu"
#define __UINTPTR_FMTx__ "lx"
#define __UINTPTR_MAX__ 18446744073709551615UL
#define __UINTPTR_TYPE__ long unsigned int
#define __UINTPTR_WIDTH__ 64
#define __UINT_FAST16_FMTX__ "hX"
#define __UINT_FAST16_FMTo__ "ho"
#define __UINT_FAST16_FMTu__ "hu"
#define __UINT_FAST16_FMTx__ "hx"
#define __UINT_FAST16_MAX__ 65535
#define __UINT_FAST16_TYPE__ unsigned short
#define __UINT_FAST32_FMTX__ "X"
#define __UINT_FAST32_FMTo__ "o"
#define __UINT_FAST32_FMTu__ "u"
#define __UINT_FAST32_FMTx__ "x"
#define __UINT_FAST32_MAX__ 4294967295U
#define __UINT_FAST32_TYPE__ unsigned int
#define __UINT_FAST64_FMTX__ "llX"
#define __UINT_FAST64_FMTo__ "llo"
#define __UINT_FAST64_FMTu__ "llu"
#define __UINT_FAST64_FMTx__ "llx"
#define __UINT_FAST64_MAX__ 18446744073709551615ULL
#define __UINT_FAST64_TYPE__ long long unsigned int
#define __UINT_FAST8_FMTX__ "hhX"
#define __UINT_FAST8_FMTo__ "hho"
#define __UINT_FAST8_FMTu__ "hhu"
#define __UINT_FAST8_FMTx__ "hhx"
#define __UINT_FAST8_MAX__ 255
#define __UINT_FAST8_TYPE__ unsigned char
#define __UINT_LEAST16_FMTX__ "hX"
#define __UINT_LEAST16_FMTo__ "ho"
#define __UINT_LEAST16_FMTu__ "hu"
#define __UINT_LEAST16_FMTx__ "hx"
#define __UINT_LEAST16_MAX__ 65535
#define __UINT_LEAST16_TYPE__ unsigned short
#define __UINT_LEAST32_FMTX__ "X"
#define __UINT_LEAST32_FMTo__ "o"
#define __UINT_LEAST32_FMTu__ "u"
#define __UINT_LEAST32_FMTx__ "x"
#define __UINT_LEAST32_MAX__ 4294967295U
#define __UINT_LEAST32_TYPE__ unsigned int
#define __UINT_LEAST64_FMTX__ "llX"
#define __UINT_LEAST64_FMTo__ "llo"
#define __UINT_LEAST64_FMTu__ "llu"
#define __UINT_LEAST64_FMTx__ "llx"
#define __UINT_LEAST64_MAX__ 18446744073709551615ULL
#define __UINT_LEAST64_TYPE__ long long unsigned int
#define __UINT_LEAST8_FMTX__ "hhX"
#define __UINT_LEAST8_FMTo__ "hho"
#define __UINT_LEAST8_FMTu__ "hhu"
#define __UINT_LEAST8_FMTx__ "hhx"
#define __UINT_LEAST8_MAX__ 255
#define __UINT_LEAST8_TYPE__ unsigned char
#define __USER_LABEL_PREFIX__ _
#define __VERSION__ "4.2.1 Compatible Apple LLVM 11.0.0 (clang-1100.0.33.12)"
#define __WCHAR_MAX__ 2147483647
#define __WCHAR_TYPE__ int
#define __WCHAR_WIDTH__ 32
#define __WINT_MAX__ 2147483647
#define __WINT_TYPE__ int
#define __WINT_WIDTH__ 32
#define __amd64 1
#define __amd64__ 1
#define __apple_build_version__ 11000033
#define __block __attribute__((__blocks__(byref)))
#define __clang__ 1
#define __clang_major__ 11
#define __clang_minor__ 0
#define __clang_patchlevel__ 0
#define __clang_version__ "11.0.0 (clang-1100.0.33.12)"
#define __code_model_small_ 1
#define __core2 1
#define __core2__ 1
#define __llvm__ 1
#define __nonnull _Nonnull
#define __null_unspecified _Null_unspecified
#define __nullable _Nullable
#define __pic__ 2
#define __strong 
#define __tune_core2__ 1
#define __unsafe_unretained 
#define __weak __attribute__((objc_gc(weak)))
#define __x86_64 1
#define __x86_64__ 1

----------------------------------------
Checking for program 'llvm-ar, ar'
/usr/bin/ar
find program=['llvm-ar', 'ar'] paths=['/Users/Qianshu/.nvm/versions/node/v8.9.1/bin', '/opt/local/bin', '/opt/local/sbin', '/usr/local/bin', '/usr/bin', '/bin', '/usr/sbin', '/sbin', '/Library/TeX/texbin', '/opt/X11/bin', '/Users/Qianshu/Software/MG5_aMC_v2_4_2/bin/', '~/Scripts'] var='AR' -> ['/usr/bin/ar']
----------------------------------------
Checking for program 'ar'
/usr/bin/ar
find program=['ar'] paths=['/Users/Qianshu/.nvm/versions/node/v8.9.1/bin', '/opt/local/bin', '/opt/local/sbin', '/usr/local/bin', '/usr/bin', '/bin', '/usr/sbin', '/sbin', '/Library/TeX/texbin', '/opt/X11/bin', '/Users/Qianshu/Software/MG5_aMC_v2_4_2/bin/', '~/Scripts'] var='AR' -> ['/usr/bin/ar']
----------------------------------------
Check clang version
Apple clang version 11.0.0 (clang-1100.0.33.12)
----------------------------------------
Compile a test code with clang
==>
#include <stdio.h>
main() {fprintf(stderr,"hello world");}

<==
[1/2] Compiling [32mbuild/.conf_check_13cdf0b62734cbe7db2411fc3e13d76b/test.c[0m

['/usr/bin/clang', '../test.c', '-c', '-o/Users/Qianshu/Downloads/code/plc_3.0/plc-3.01/build/.conf_check_13cdf0b62734cbe7db2411fc3e13d76b/testbuild/test.c.1.o']
err: ../test.c:2:1: warning: type specifier missing, defaults to 'int' [-Wimplicit-int]
main() {fprintf(stderr,"hello world");}
^
1 warning generated.

[2/2] Linking [33mbuild/.conf_check_13cdf0b62734cbe7db2411fc3e13d76b/testbuild/testprog[0m

['/usr/bin/clang', 'test.c.1.o', '-o/Users/Qianshu/Downloads/code/plc_3.0/plc-3.01/build/.conf_check_13cdf0b62734cbe7db2411fc3e13d76b/testbuild/testprog']
yes
----------------------------------------
Checking for library omp
==>

int main(int argc, char **argv) {
	(void)argc; (void)argv;
	return 0;
}

<==
[1/2] Compiling [32mbuild/.conf_check_ff5ddcb1dcf494fe4d2ae1ac514f73ab/test.c[0m

['/usr/bin/clang', '../test.c', '-c', '-o/Users/Qianshu/Downloads/code/plc_3.0/plc-3.01/build/.conf_check_ff5ddcb1dcf494fe4d2ae1ac514f73ab/testbuild/test.c.1.o']
[2/2] Linking [33mbuild/.conf_check_ff5ddcb1dcf494fe4d2ae1ac514f73ab/testbuild/testprog[0m

['/usr/bin/clang', 'test.c.1.o', '-o/Users/Qianshu/Downloads/code/plc_3.0/plc-3.01/build/.conf_check_ff5ddcb1dcf494fe4d2ae1ac514f73ab/testbuild/testprog', '-Wl,-rpath,/usr/local/lib', '-L/usr/local/lib', '-lomp']
err: ld: library not found for -lomp
clang: error: linker command failed with exit code 1 (use -v to see invocation)

from /Users/Qianshu/Downloads/code/plc_3.0/plc-3.01: Test does not build: Traceback (most recent call last):
  File "/Users/Qianshu/Downloads/code/plc_3.0/plc-3.01/.waf-2.0.17-c5414c9b1eca70e1add79159e16494fe/waflib/Configure.py", line 325, in run_build
    bld.compile()
  File "/Users/Qianshu/Downloads/code/plc_3.0/plc-3.01/.waf-2.0.17-c5414c9b1eca70e1add79159e16494fe/waflib/Build.py", line 176, in compile
    raise Errors.BuildError(self.producer.error)
BuildError: Build failed
 -> task in 'testprog' failed with exit status 1 (run with -v to display more information)

not found
from /Users/Qianshu/Downloads/code/plc_3.0/plc-3.01: The configuration failed
----------------------------------------
Setting architecture flag to
['-arch', 'x86_64']
----------------------------------------
Checking for program 'ifort'
not found
find program=['ifort'] paths=['/Users/Qianshu/.nvm/versions/node/v8.9.1/bin', '/opt/local/bin', '/opt/local/sbin', '/usr/local/bin', '/usr/bin', '/bin', '/usr/sbin', '/sbin', '/Library/TeX/texbin', '/opt/X11/bin', '/Users/Qianshu/Software/MG5_aMC_v2_4_2/bin/', '~/Scripts'] var='FC' -> None
from /Users/Qianshu/Downloads/code/plc_3.0/plc-3.01: Could not find the program ['ifort']
----------------------------------------
Checking for program 'gfortran, g77'
/usr/local/bin/gfortran
find program=['gfortran', 'g77'] paths=['/Users/Qianshu/.nvm/versions/node/v8.9.1/bin', '/opt/local/bin', '/opt/local/sbin', '/usr/local/bin', '/usr/bin', '/bin', '/usr/sbin', '/sbin', '/Library/TeX/texbin', '/opt/X11/bin', '/Users/Qianshu/Software/MG5_aMC_v2_4_2/bin/', '~/Scripts'] var='FC' -> ['/usr/local/bin/gfortran']
['/usr/local/bin/gfortran', '--version']
out: GNU Fortran (GCC) 6.3.0
Copyright (C) 2016 Free Software Foundation, Inc.
This is free software; see the source for copying conditions.  There is NO
warranty; not even for MERCHANTABILITY or FITNESS FOR A PARTICULAR PURPOSE.


['/usr/local/bin/gfortran', '-dM', '-E', '-']
out: #define __DBL_MIN_EXP__ (-1021)
#define __UINT_LEAST16_MAX__ 0xffff
#define __ATOMIC_ACQUIRE 2
#define __FLT_MIN__ 1.17549435082228750797e-38F
#define __GCC_IEC_559_COMPLEX 2
#define __UINT_LEAST8_TYPE__ unsigned char
#define __SIZEOF_FLOAT80__ 16
#define __INTMAX_C(c) c ## L
#define __CHAR_BIT__ 8
#define __UINT8_MAX__ 0xff
#define __WINT_MAX__ 0x7fffffff
#define __ORDER_LITTLE_ENDIAN__ 1234
#define __SIZE_MAX__ 0xffffffffffffffffUL
#define __WCHAR_MAX__ 0x7fffffff
#define __GCC_HAVE_SYNC_COMPARE_AND_SWAP_1 1
#define __GCC_HAVE_SYNC_COMPARE_AND_SWAP_2 1
#define __GCC_HAVE_SYNC_COMPARE_AND_SWAP_4 1
#define __DBL_DENORM_MIN__ ((double)4.94065645841246544177e-324L)
#define __GCC_HAVE_SYNC_COMPARE_AND_SWAP_8 1
#define __GCC_ATOMIC_CHAR_LOCK_FREE 2
#define __GCC_IEC_559 2
#define __FLT_EVAL_METHOD__ 0
#define __GCC_ATOMIC_CHAR32_T_LOCK_FREE 2
#define __x86_64 1
#define __UINT_FAST64_MAX__ 0xffffffffffffffffULL
#define __SIG_ATOMIC_TYPE__ int
#define __DBL_MIN_10_EXP__ (-307)
#define __FINITE_MATH_ONLY__ 0
#define __GNUC_PATCHLEVEL__ 0
#define __UINT_FAST8_MAX__ 0xff
#define __has_include(STR) __has_include__(STR)
#define __DEC64_MAX_EXP__ 385
#define __INT8_C(c) c
#define __UINT_LEAST64_MAX__ 0xffffffffffffffffULL
#define __SHRT_MAX__ 0x7fff
#define __LDBL_MAX__ 1.18973149535723176502e+4932L
#define __UINT_LEAST8_MAX__ 0xff
#define __GCC_ATOMIC_BOOL_LOCK_FREE 2
#define __APPLE_CC__ 1
#define __UINTMAX_TYPE__ long unsigned int
#define __DEC32_EPSILON__ 1E-6DF
#define __UINT32_MAX__ 0xffffffffU
#define __LDBL_MAX_EXP__ 16384
#define __WINT_MIN__ (-__WINT_MAX__ - 1)
#define __SCHAR_MAX__ 0x7f
#define __WCHAR_MIN__ (-__WCHAR_MAX__ - 1)
#define __INT64_C(c) c ## LL
#define __DBL_DIG__ 15
#define __GCC_ATOMIC_POINTER_LOCK_FREE 2
#define __SIZEOF_INT__ 4
#define __SIZEOF_POINTER__ 8
#define __USER_LABEL_PREFIX__ _
#define __STDC_HOSTED__ 1
#define __LDBL_HAS_INFINITY__ 1
#define __FLT_EPSILON__ 1.19209289550781250000e-7F
#define __LDBL_MIN__ 3.36210314311209350626e-4932L
#define __STDC_UTF_16__ 1
#define __DEC32_MAX__ 9.999999E96DF
#define __strong 
#define __INT32_MAX__ 0x7fffffff
#define __SIZEOF_LONG__ 8
#define __APPLE__ 1
#define __UINT16_C(c) c
#define __DECIMAL_DIG__ 21
#define __has_include_next(STR) __has_include_next__(STR)
#define __LDBL_HAS_QUIET_NAN__ 1
#define __DYNAMIC__ 1
#define __GNUC__ 6
#define __MMX__ 1
#define __FLT_HAS_DENORM__ 1
#define __SIZEOF_LONG_DOUBLE__ 16
#define __BIGGEST_ALIGNMENT__ 16
#define __DBL_MAX__ ((double)1.79769313486231570815e+308L)
#define __INT_FAST32_MAX__ 0x7fffffff
#define __DBL_HAS_INFINITY__ 1
#define __DEC32_MIN_EXP__ (-94)
#define __INT_FAST16_TYPE__ short int
#define __LDBL_HAS_DENORM__ 1
#define __DEC128_MAX__ 9.999999999999999999999999999999999E6144DL
#define __INT_LEAST32_MAX__ 0x7fffffff
#define __DEC32_MIN__ 1E-95DF
#define __weak 
#define __DBL_MAX_EXP__ 1024
#define __DEC128_EPSILON__ 1E-33DL
#define __SSE2_MATH__ 1
#define __ATOMIC_HLE_RELEASE 131072
#define __PTRDIFF_MAX__ 0x7fffffffffffffffL
#define __amd64 1
#define __tune_core2__ 1
#define __ATOMIC_HLE_ACQUIRE 65536
#define __LONG_LONG_MAX__ 0x7fffffffffffffffLL
#define __SIZEOF_SIZE_T__ 8
#define __SIZEOF_WINT_T__ 4
#define __GXX_ABI_VERSION 1010
#define __FLT_MIN_EXP__ (-125)
#define __INT_FAST64_TYPE__ long long int
#define __DBL_MIN__ ((double)2.22507385850720138309e-308L)
#define __LP64__ 1
#define __DEC128_MIN__ 1E-6143DL
#define __REGISTER_PREFIX__ 
#define __UINT16_MAX__ 0xffff
#define __DBL_HAS_DENORM__ 1
#define __UINT8_TYPE__ unsigned char
#define __NO_INLINE__ 1
#define __FLT_MANT_DIG__ 24
#define __VERSION__ "6.3.0"
#define __UINT64_C(c) c ## ULL
#define __GCC_ATOMIC_INT_LOCK_FREE 2
#define __FLOAT_WORD_ORDER__ __ORDER_LITTLE_ENDIAN__
#define __INT32_C(c) c
#define __DEC64_EPSILON__ 1E-15DD
#define __ORDER_PDP_ENDIAN__ 3412
#define __DEC128_MIN_EXP__ (-6142)
#define __INT_FAST32_TYPE__ int
#define __UINT_LEAST16_TYPE__ short unsigned int
#define __INT16_MAX__ 0x7fff
#define __ENVIRONMENT_MAC_OS_X_VERSION_MIN_REQUIRED__ 101400
#define __SIZE_TYPE__ long unsigned int
#define __UINT64_MAX__ 0xffffffffffffffffULL
#define __INT8_TYPE__ signed char
#define __GCC_ASM_FLAG_OUTPUTS__ 1
#define __FLT_RADIX__ 2
#define __INT_LEAST16_TYPE__ short int
#define __LDBL_EPSILON__ 1.08420217248550443401e-19L
#define __UINTMAX_C(c) c ## UL
#define __SSE_MATH__ 1
#define __k8 1
#define __SIG_ATOMIC_MAX__ 0x7fffffff
#define __GCC_ATOMIC_WCHAR_T_LOCK_FREE 2
#define __SIZEOF_PTRDIFF_T__ 8
#define __x86_64__ 1
#define __DEC32_SUBNORMAL_MIN__ 0.000001E-95DF
#define __INT_FAST16_MAX__ 0x7fff
#define __UINT_FAST32_MAX__ 0xffffffffU
#define __UINT_LEAST64_TYPE__ long long unsigned int
#define __FLT_HAS_QUIET_NAN__ 1
#define __FLT_MAX_10_EXP__ 38
#define __LONG_MAX__ 0x7fffffffffffffffL
#define __DEC128_SUBNORMAL_MIN__ 0.000000000000000000000000000000001E-6143DL
#define __FLT_HAS_INFINITY__ 1
#define __UINT_FAST16_TYPE__ short unsigned int
#define __DEC64_MAX__ 9.999999999999999E384DD
#define __CHAR16_TYPE__ short unsigned int
#define __PRAGMA_REDEFINE_EXTNAME 1
#define __SEG_FS 1
#define __INT_LEAST16_MAX__ 0x7fff
#define __DEC64_MANT_DIG__ 16
#define __INT64_MAX__ 0x7fffffffffffffffLL
#define __UINT_LEAST32_MAX__ 0xffffffffU
#define __SEG_GS 1
#define __GCC_ATOMIC_LONG_LOCK_FREE 2
#define __INT_LEAST64_TYPE__ long long int
#define __INT16_TYPE__ short int
#define __INT_LEAST8_TYPE__ signed char
#define __STDC_VERSION__ 201112L
#define __DEC32_MAX_EXP__ 97
#define __INT_FAST8_MAX__ 0x7f
#define __INTPTR_MAX__ 0x7fffffffffffffffL
#define __LITTLE_ENDIAN__ 1
#define __SSE2__ 1
#define __LDBL_MANT_DIG__ 64
#define __CONSTANT_CFSTRINGS__ 1
#define __DBL_HAS_QUIET_NAN__ 1
#define __SIG_ATOMIC_MIN__ (-__SIG_ATOMIC_MAX__ - 1)
#define __code_model_small__ 1
#define __k8__ 1
#define __INTPTR_TYPE__ long int
#define __UINT16_TYPE__ short unsigned int
#define __WCHAR_TYPE__ int
#define __SIZEOF_FLOAT__ 4
#define __pic__ 2
#define __UINTPTR_MAX__ 0xffffffffffffffffUL
#define __DEC64_MIN_EXP__ (-382)
#define __INT_FAST64_MAX__ 0x7fffffffffffffffLL
#define __GCC_ATOMIC_TEST_AND_SET_TRUEVAL 1
#define __FLT_DIG__ 6
#define __UINT_FAST64_TYPE__ long long unsigned int
#define __INT_MAX__ 0x7fffffff
#define __MACH__ 1
#define __amd64__ 1
#define __INT64_TYPE__ long long int
#define __FLT_MAX_EXP__ 128
#define __ORDER_BIG_ENDIAN__ 4321
#define __DBL_MANT_DIG__ 53
#define __SIZEOF_FLOAT128__ 16
#define __INT_LEAST64_MAX__ 0x7fffffffffffffffLL
#define __GCC_ATOMIC_CHAR16_T_LOCK_FREE 2
#define __DEC64_MIN__ 1E-383DD
#define __WINT_TYPE__ int
#define __UINT_LEAST32_TYPE__ unsigned int
#define __SIZEOF_SHORT__ 2
#define __SSE__ 1
#define __LDBL_MIN_EXP__ (-16381)
#define __INT_LEAST8_MAX__ 0x7f
#define __SIZEOF_INT128__ 16
#define __LDBL_MAX_10_EXP__ 4932
#define __ATOMIC_RELAXED 0
#define __DBL_EPSILON__ ((double)2.22044604925031308085e-16L)
#define _LP64 1
#define __UINT8_C(c) c
#define __INT_LEAST32_TYPE__ int
#define __SIZEOF_WCHAR_T__ 4
#define __UINT64_TYPE__ long long unsigned int
#define __INT_FAST8_TYPE__ signed char
#define __GNUC_STDC_INLINE__ 1
#define __DBL_DECIMAL_DIG__ 17
#define __STDC_UTF_32__ 1
#define __FXSR__ 1
#define __DEC_EVAL_METHOD__ 2
#define __UINT32_C(c) c ## U
#define __INTMAX_MAX__ 0x7fffffffffffffffL
#define __BYTE_ORDER__ __ORDER_LITTLE_ENDIAN__
#define __FLT_DENORM_MIN__ 1.40129846432481707092e-45F
#define __INT8_MAX__ 0x7f
#define __PIC__ 2
#define __UINT_FAST32_TYPE__ unsigned int
#define __CHAR32_TYPE__ unsigned int
#define __FLT_MAX__ 3.40282346638528859812e+38F
#define __INT32_TYPE__ int
#define __SIZEOF_DOUBLE__ 8
#define __FLT_MIN_10_EXP__ (-37)
#define __INTMAX_TYPE__ long int
#define __DEC128_MAX_EXP__ 6145
#define __ATOMIC_CONSUME 1
#define __GNUC_MINOR__ 3
#define __UINTMAX_MAX__ 0xffffffffffffffffUL
#define __DEC32_MANT_DIG__ 7
#define __DBL_MAX_10_EXP__ 308
#define __LDBL_DENORM_MIN__ 3.64519953188247460253e-4951L
#define __INT16_C(c) c
#define __STDC__ 1
#define __PTRDIFF_TYPE__ long int
#define __ATOMIC_SEQ_CST 5
#define __UINT32_TYPE__ unsigned int
#define __UINTPTR_TYPE__ long unsigned int
#define __DEC64_SUBNORMAL_MIN__ 0.000000000000001E-383DD
#define __DEC128_MANT_DIG__ 34
#define __LDBL_MIN_10_EXP__ (-4931)
#define __SIZEOF_LONG_LONG__ 8
#define __GCC_ATOMIC_LLONG_LOCK_FREE 2
#define __LDBL_DIG__ 18
#define __FLT_DECIMAL_DIG__ 9
#define __UINT_FAST16_MAX__ 0xffff
#define __GCC_ATOMIC_SHORT_LOCK_FREE 2
#define __SSE3__ 1
#define __UINT_FAST8_TYPE__ unsigned char
#define __ATOMIC_ACQ_REL 4
#define __ATOMIC_RELEASE 3

----------------------------------------
Checking for program 'ar'
/usr/bin/ar
find program=['ar'] paths=['/Users/Qianshu/.nvm/versions/node/v8.9.1/bin', '/opt/local/bin', '/opt/local/sbin', '/usr/local/bin', '/usr/bin', '/bin', '/usr/sbin', '/sbin', '/Library/TeX/texbin', '/opt/X11/bin', '/Users/Qianshu/Software/MG5_aMC_v2_4_2/bin/', '~/Scripts'] var='AR' -> ['/usr/bin/ar']
----------------------------------------
Check gfortran version
not found, let's hope for the best...
----------------------------------------
Compile a test code with gfortran
==>
program test
  WRITE(*,*) 'hello world'
 end program test

<==
[1/2] Compiling [32mbuild/.conf_check_aab46f37a83c74aa8fb1cb19153d58ea/test.f90[0m

['/usr/local/bin/gfortran', '-DGFORTRAN', '-ffixed-line-length-0', '-ffree-line-length-0', '-m64', '-c', '-o/Users/Qianshu/Downloads/code/plc_3.0/plc-3.01/build/.conf_check_aab46f37a83c74aa8fb1cb19153d58ea/testbuild/test.f90.1.o', '/Users/Qianshu/Downloads/code/plc_3.0/plc-3.01/build/.conf_check_aab46f37a83c74aa8fb1cb19153d58ea/test.f90']
[2/2] Linking [33mbuild/.conf_check_aab46f37a83c74aa8fb1cb19153d58ea/testbuild/testprog[0m

['/usr/local/bin/gfortran', '-arch', 'x86_64', 'test.f90.1.o', '-o/Users/Qianshu/Downloads/code/plc_3.0/plc-3.01/build/.conf_check_aab46f37a83c74aa8fb1cb19153d58ea/testbuild/testprog', '-m64']
yes
----------------------------------------
retrieve gfortran link line
ok
----------------------------------------
fortran link line
-L/usr/local/gfortran/lib -lgfortran -lgomp
----------------------------------------
Setting install root to
/Users/Qianshu/Downloads/code/plc_3.0/plc-3.01
----------------------------------------
Setting install bin directory to
/Users/Qianshu/Downloads/code/plc_3.0/plc-3.01/bin
----------------------------------------
Setting install lib directory to
/Users/Qianshu/Downloads/code/plc_3.0/plc-3.01/lib
----------------------------------------
Setting install include directory to
/Users/Qianshu/Downloads/code/plc_3.0/plc-3.01/include
----------------------------------------
Checking for program 'python'
/usr/local/opt/python@2/bin/python2.7
find program=['python'] paths=['/Users/Qianshu/.nvm/versions/node/v8.9.1/bin', '/opt/local/bin', '/opt/local/sbin', '/usr/local/bin', '/usr/bin', '/bin', '/usr/sbin', '/sbin', '/Library/TeX/texbin', '/opt/X11/bin', '/Users/Qianshu/Software/MG5_aMC_v2_4_2/bin/', '~/Scripts'] var='PYTHON' -> ['/usr/local/opt/python@2/bin/python2.7']
['/usr/local/opt/python@2/bin/python2.7', '-c', 'import imp;print(imp.get_tag())']
err: Traceback (most recent call last):
  File "<string>", line 1, in <module>
AttributeError: 'module' object has no attribute 'get_tag'

['/usr/local/opt/python@2/bin/python2.7', '-c', 'import sys\nfor x in sys.version_info: print(str(x))']
out: 2
7
17
final
0

['/usr/local/opt/python@2/bin/python2.7', '-c', "from distutils.sysconfig import get_config_var, get_python_lib\n\nprint(repr(get_python_lib(standard_lib=0, prefix='/Users/Qianshu/Downloads/code/plc_3.0/plc-3.01') or ''))"]
out: '/Users/Qianshu/Downloads/code/plc_3.0/plc-3.01/lib/python2.7/site-packages'

'/Users/Qianshu/Downloads/code/plc_3.0/plc-3.01/lib/python2.7/site-packages'

['/usr/local/opt/python@2/bin/python2.7', '-c', "from distutils.sysconfig import get_config_var, get_python_lib\n\nprint(repr(get_python_lib(plat_specific=1, standard_lib=0, prefix='/Users/Qianshu/Downloads/code/plc_3.0/plc-3.01') or ''))"]
out: '/Users/Qianshu/Downloads/code/plc_3.0/plc-3.01/lib/python2.7/site-packages'

'/Users/Qianshu/Downloads/code/plc_3.0/plc-3.01/lib/python2.7/site-packages'

----------------------------------------
Checking for python version
2.7.17
['/usr/local/opt/python@2/bin/python2.7', '-c', "from distutils.sysconfig import get_config_var, get_python_lib\n\nprint(repr(get_config_var('prefix') or ''))\nprint(repr(get_config_var('SO') or ''))\nprint(repr(get_config_var('LDFLAGS') or ''))\nprint(repr(get_config_var('LIBDIR') or ''))\nprint(repr(get_config_var('LIBPL') or ''))\nprint(repr(get_config_var('INCLUDEPY') or ''))\nprint(repr(get_config_var('Py_ENABLE_SHARED') or ''))\nprint(repr(get_config_var('MACOSX_DEPLOYMENT_TARGET') or ''))\nprint(repr(get_config_var('LDSHARED') or ''))\nprint(repr(get_config_var('CFLAGS') or ''))\nprint(repr(get_config_var('LDVERSION') or ''))"]
out: '/usr/local/Cellar/python@2/2.7.17/Frameworks/Python.framework/Versions/2.7'
'.so'
'-isysroot /Applications/Xcode.app/Contents/Developer/Platforms/MacOSX.platform/Developer/SDKs/MacOSX10.15.sdk'
'/usr/local/opt/python@2/Frameworks/Python.framework/Versions/2.7/lib'
'/usr/local/opt/python@2/Frameworks/Python.framework/Versions/2.7/lib/python2.7/config'
'/usr/local/opt/python@2/Frameworks/Python.framework/Versions/2.7/include/python2.7'
''
'10.14'
'clang -bundle -undefined dynamic_lookup -isysroot /Applications/Xcode.app/Contents/Developer/Platforms/MacOSX.platform/Developer/SDKs/MacOSX10.15.sdk'
'-fno-strict-aliasing -fno-common -dynamic -isysroot /Applications/Xcode.app/Contents/Developer/Platforms/MacOSX.platform/Developer/SDKs/MacOSX10.15.sdk -I/Applications/Xcode.app/Contents/Developer/Platforms/MacOSX.platform/Developer/SDKs/MacOSX10.15.sdk/usr/include -I/Applications/Xcode.app/Contents/Developer/Platforms/MacOSX.platform/Developer/SDKs/MacOSX10.15.sdk/System/Library/Frameworks/Tk.framework/Versions/8.5/Headers -DNDEBUG -g -fwrapv -O3 -Wall -Wstrict-prototypes'
''

'/usr/local/Cellar/python@2/2.7.17/Frameworks/Python.framework/Versions/2.7'
'.so'
'-isysroot /Applications/Xcode.app/Contents/Developer/Platforms/MacOSX.platform/Developer/SDKs/MacOSX10.15.sdk'
'/usr/local/opt/python@2/Frameworks/Python.framework/Versions/2.7/lib'
'/usr/local/opt/python@2/Frameworks/Python.framework/Versions/2.7/lib/python2.7/config'
'/usr/local/opt/python@2/Frameworks/Python.framework/Versions/2.7/include/python2.7'
''
'10.14'
'clang -bundle -undefined dynamic_lookup -isysroot /Applications/Xcode.app/Contents/Developer/Platforms/MacOSX.platform/Developer/SDKs/MacOSX10.15.sdk'
'-fno-strict-aliasing -fno-common -dynamic -isysroot /Applications/Xcode.app/Contents/Developer/Platforms/MacOSX.platform/Developer/SDKs/MacOSX10.15.sdk -I/Applications/Xcode.app/Contents/Developer/Platforms/MacOSX.platform/Developer/SDKs/MacOSX10.15.sdk/usr/include -I/Applications/Xcode.app/Contents/Developer/Platforms/MacOSX.platform/Developer/SDKs/MacOSX10.15.sdk/System/Library/Frameworks/Tk.framework/Versions/8.5/Headers -DNDEBUG -g -fwrapv -O3 -Wall -Wstrict-prototypes'
''

Configuration returned from ['/usr/local/opt/python@2/bin/python2.7']:
prefix = '/usr/local/Cellar/python@2/2.7.17/Frameworks/Python.framework/Versions/2.7'
SO = '.so'
LDFLAGS = '-isysroot /Applications/Xcode.app/Contents/Developer/Platforms/MacOSX.platform/Developer/SDKs/MacOSX10.15.sdk'
LIBDIR = '/usr/local/opt/python@2/Frameworks/Python.framework/Versions/2.7/lib'
LIBPL = '/usr/local/opt/python@2/Frameworks/Python.framework/Versions/2.7/lib/python2.7/config'
INCLUDEPY = '/usr/local/opt/python@2/Frameworks/Python.framework/Versions/2.7/include/python2.7'
Py_ENABLE_SHARED = ''
MACOSX_DEPLOYMENT_TARGET = '10.14'
LDSHARED = 'clang -bundle -undefined dynamic_lookup -isysroot /Applications/Xcode.app/Contents/Developer/Platforms/MacOSX.platform/Developer/SDKs/MacOSX10.15.sdk'
CFLAGS = '-fno-strict-aliasing -fno-common -dynamic -isysroot /Applications/Xcode.app/Contents/Developer/Platforms/MacOSX.platform/Developer/SDKs/MacOSX10.15.sdk -I/Applications/Xcode.app/Contents/Developer/Platforms/MacOSX.platform/Developer/SDKs/MacOSX10.15.sdk/usr/include -I/Applications/Xcode.app/Contents/Developer/Platforms/MacOSX.platform/Developer/SDKs/MacOSX10.15.sdk/System/Library/Frameworks/Tk.framework/Versions/8.5/Headers -DNDEBUG -g -fwrapv -O3 -Wall -Wstrict-prototypes'
LDVERSION = ''

----------------------------------------
python-config
/usr/local/opt/python@2/bin/python2.7-config
find program=['/usr/local/opt/python@2/bin/python2.7-config', 'python2.7-config', 'python-config-2.7', 'python2.7m-config'] paths=['/Users/Qianshu/.nvm/versions/node/v8.9.1/bin', '/opt/local/bin', '/opt/local/sbin', '/usr/local/bin', '/usr/bin', '/bin', '/usr/sbin', '/sbin', '/Library/TeX/texbin', '/opt/X11/bin', '/Users/Qianshu/Software/MG5_aMC_v2_4_2/bin/', '~/Scripts'] var='PYTHON_CONFIG' -> ['/usr/local/opt/python@2/bin/python2.7-config']
--------------------------------------------------------------------------
Asking python-config for pyembed '--cflags --libs --ldflags --embed' flags
['/usr/local/opt/python@2/bin/python2.7-config', '--cflags', '--libs', '--ldflags', '--embed']
err: Usage: /usr/local/opt/python@2/bin/python2.7-config [--prefix|--exec-prefix|--includes|--libs|--cflags|--ldflags|--help]

not found
from /Users/Qianshu/Downloads/code/plc_3.0/plc-3.01: The configuration failed
--------------------------------------------------------------------------
Asking python-config for pyembed '--cflags --libs --ldflags' flags
['/usr/local/opt/python@2/bin/python2.7-config', '--cflags', '--libs', '--ldflags']
out: -I/usr/local/Cellar/python@2/2.7.17/Frameworks/Python.framework/Versions/2.7/include/python2.7 -I/usr/local/Cellar/python@2/2.7.17/Frameworks/Python.framework/Versions/2.7/include/python2.7 -fno-strict-aliasing -fno-common -dynamic -isysroot /Applications/Xcode.app/Contents/Developer/Platforms/MacOSX.platform/Developer/SDKs/MacOSX10.15.sdk -I/Applications/Xcode.app/Contents/Developer/Platforms/MacOSX.platform/Developer/SDKs/MacOSX10.15.sdk/usr/include -I/Applications/Xcode.app/Contents/Developer/Platforms/MacOSX.platform/Developer/SDKs/MacOSX10.15.sdk/System/Library/Frameworks/Tk.framework/Versions/8.5/Headers -DNDEBUG -g -fwrapv -O3 -Wall -Wstrict-prototypes
-lpython2.7 -ldl -framework CoreFoundation
-L/usr/local/opt/python@2/Frameworks/Python.framework/Versions/2.7/lib/python2.7/config -lpython2.7 -ldl -framework CoreFoundation

Unhandled flag '-Wall'
Unhandled flag '-Wstrict-prototypes'
yes
--------------------------------------------------------------------------
Testing pyembed configuration
==>

#include <Python.h>
#ifdef __cplusplus
extern "C" {
#endif
	void Py_Initialize(void);
	void Py_Finalize(void);
#ifdef __cplusplus
}
#endif
int main(int argc, char **argv)
{
   (void)argc; (void)argv;
   Py_Initialize();
   Py_Finalize();
   return 0;
}

<==
[1/2] Compiling [32mbuild/.conf_check_2e61113b4cd925e9ae8eafa9583f961f/test.c[0m

['/usr/bin/clang', '-fno-strict-aliasing', '-fno-common', '-dynamic', '-isysroot', '/Applications/Xcode.app/Contents/Developer/Platforms/MacOSX.platform/Developer/SDKs/MacOSX10.15.sdk', '-g', '-fwrapv', '-O3', '-I/usr/local/Cellar/python@2/2.7.17/Frameworks/Python.framework/Versions/2.7/include/python2.7', '-I/Applications/Xcode.app/Contents/Developer/Platforms/MacOSX.platform/Developer/SDKs/MacOSX10.15.sdk/usr/include', '-I/Applications/Xcode.app/Contents/Developer/Platforms/MacOSX.platform/Developer/SDKs/MacOSX10.15.sdk/System/Library/Frameworks/Tk.framework/Versions/8.5/Headers', '-DPYTHONDIR="/Users/Qianshu/Downloads/code/plc_3.0/plc-3.01/lib/python2.7/site-packages"', '-DPYTHONARCHDIR="/Users/Qianshu/Downloads/code/plc_3.0/plc-3.01/lib/python2.7/site-packages"', '-DNDEBUG', '../test.c', '-c', '-o/Users/Qianshu/Downloads/code/plc_3.0/plc-3.01/build/.conf_check_2e61113b4cd925e9ae8eafa9583f961f/testbuild/test.c.1.o']
[2/2] Linking [33mbuild/.conf_check_2e61113b4cd925e9ae8eafa9583f961f/testbuild/testprog[0m

['/usr/bin/clang', '-arch', 'x86_64', 'test.c.1.o', '-o/Users/Qianshu/Downloads/code/plc_3.0/plc-3.01/build/.conf_check_2e61113b4cd925e9ae8eafa9583f961f/testbuild/testprog', '-L/usr/local/opt/python@2/Frameworks/Python.framework/Versions/2.7/lib', '-L/usr/local/opt/python@2/Frameworks/Python.framework/Versions/2.7/lib/python2.7/config', '-lm', '-ldl', '-lutil', '-lpthread', '-lpython2.7', '-ldl', '-lpython2.7', '-ldl']
yes
--------------------------------------------------------------------------
Checking for library dl
==>

int main(int argc, char **argv) {
	(void)argc; (void)argv;
	return 0;
}

<==
[1/2] Compiling [32mbuild/.conf_check_db3aea0611f0b73097accc0ac51b34f7/test.c[0m

['/usr/bin/clang', '-DPYTHONDIR="/Users/Qianshu/Downloads/code/plc_3.0/plc-3.01/lib/python2.7/site-packages"', '-DPYTHONARCHDIR="/Users/Qianshu/Downloads/code/plc_3.0/plc-3.01/lib/python2.7/site-packages"', '-DHAVE_PYEMBED=1', '-DHAVE_PYTHON_H=1', '../test.c', '-c', '-o/Users/Qianshu/Downloads/code/plc_3.0/plc-3.01/build/.conf_check_db3aea0611f0b73097accc0ac51b34f7/testbuild/test.c.1.o']
[2/2] Linking [33mbuild/.conf_check_db3aea0611f0b73097accc0ac51b34f7/testbuild/testprog[0m

['/usr/bin/clang', '-arch', 'x86_64', 'test.c.1.o', '-o/Users/Qianshu/Downloads/code/plc_3.0/plc-3.01/build/.conf_check_db3aea0611f0b73097accc0ac51b34f7/testbuild/testprog', '-ldl']
yes
--------------------------------------------------------------------------
checking for RTLD_DEFAULT in dl
==>
#include <dlfcn.h> 
int main() {void* tt = RTLD_DEFAULT;}
<==
[1/2] Compiling [32mbuild/.conf_check_114199ac7263216645b5e5d92db5579c/test.c[0m

['/usr/bin/clang', '-DPYTHONDIR="/Users/Qianshu/Downloads/code/plc_3.0/plc-3.01/lib/python2.7/site-packages"', '-DPYTHONARCHDIR="/Users/Qianshu/Downloads/code/plc_3.0/plc-3.01/lib/python2.7/site-packages"', '-DHAVE_PYEMBED=1', '-DHAVE_PYTHON_H=1', '-DHAS_RTLD_DEFAULT', '../test.c', '-c', '-o/Users/Qianshu/Downloads/code/plc_3.0/plc-3.01/build/.conf_check_114199ac7263216645b5e5d92db5579c/testbuild/test.c.1.o']
[2/2] Linking [33mbuild/.conf_check_114199ac7263216645b5e5d92db5579c/testbuild/testprog[0m

['/usr/bin/clang', '-arch', 'x86_64', 'test.c.1.o', '-o/Users/Qianshu/Downloads/code/plc_3.0/plc-3.01/build/.conf_check_114199ac7263216645b5e5d92db5579c/testbuild/testprog', '-ldl']
yes
--------------------------------------------------------------------------
compile with debug option
OFF
--------------------------------------------------------------------------
Checking for program 'pmc-config'
not found
find program=['pmc-config'] paths=['/bin'] var='PMC_CONFIG' -> None
from /Users/Qianshu/Downloads/code/plc_3.0/plc-3.01: Could not find the program ['pmc-config']
--------------------------------------------------------------------------
Checking for library pmc
==>

int main(int argc, char **argv) {
	(void)argc; (void)argv;
	return 0;
}

<==
[1/2] Compiling [32mbuild/.conf_check_81589653a46a4397b17b5174fd1539d8/test.c[0m

['/usr/bin/clang', '-DPYTHONDIR="/Users/Qianshu/Downloads/code/plc_3.0/plc-3.01/lib/python2.7/site-packages"', '-DPYTHONARCHDIR="/Users/Qianshu/Downloads/code/plc_3.0/plc-3.01/lib/python2.7/site-packages"', '-DHAVE_PYEMBED=1', '-DHAVE_PYTHON_H=1', '-DHAS_PMC', '../test.c', '-c', '-o/Users/Qianshu/Downloads/code/plc_3.0/plc-3.01/build/.conf_check_81589653a46a4397b17b5174fd1539d8/testbuild/test.c.1.o']
[2/2] Linking [33mbuild/.conf_check_81589653a46a4397b17b5174fd1539d8/testbuild/testprog[0m

['/usr/bin/clang', '-arch', 'x86_64', 'test.c.1.o', '-o/Users/Qianshu/Downloads/code/plc_3.0/plc-3.01/build/.conf_check_81589653a46a4397b17b5174fd1539d8/testbuild/testprog', '-Wl,-rpath,/Users/Qianshu/Downloads/code/plc_3.0/plc-3.01/lib', '-lpmc']
err: ld: library not found for -lpmc
clang: error: linker command failed with exit code 1 (use -v to see invocation)

from /Users/Qianshu/Downloads/code/plc_3.0/plc-3.01: Test does not build: Traceback (most recent call last):
  File "/Users/Qianshu/Downloads/code/plc_3.0/plc-3.01/.waf-2.0.17-c5414c9b1eca70e1add79159e16494fe/waflib/Configure.py", line 325, in run_build
    bld.compile()
  File "/Users/Qianshu/Downloads/code/plc_3.0/plc-3.01/.waf-2.0.17-c5414c9b1eca70e1add79159e16494fe/waflib/Build.py", line 176, in compile
    raise Errors.BuildError(self.producer.error)
BuildError: Build failed
 -> task in 'testprog' failed with exit status 1 (run with -v to display more information)

not found
from /Users/Qianshu/Downloads/code/plc_3.0/plc-3.01: The configuration failed
--------------------------------------------------------------------------
Check apple lapack
ok
--------------------------------------------------------------------------
Checking for library ['BLAS', 'LAPACK']
==>

int main(int argc, char **argv) {
	(void)argc; (void)argv;
	return 0;
}

<==
[1/2] Compiling [32mbuild/.conf_check_9cf15f664b1f2dcc0fb7f3a1c3b83d47/test.c[0m

['/usr/bin/clang', '-I../../../include', '-DPYTHONDIR="/Users/Qianshu/Downloads/code/plc_3.0/plc-3.01/lib/python2.7/site-packages"', '-DPYTHONARCHDIR="/Users/Qianshu/Downloads/code/plc_3.0/plc-3.01/lib/python2.7/site-packages"', '-DHAVE_PYEMBED=1', '-DHAVE_PYTHON_H=1', '-DHAS_LAPACK', '-DLAPACK_CLIK', '../test.c', '-c', '-o/Users/Qianshu/Downloads/code/plc_3.0/plc-3.01/build/.conf_check_9cf15f664b1f2dcc0fb7f3a1c3b83d47/testbuild/test.c.1.o']
[2/2] Linking [33mbuild/.conf_check_9cf15f664b1f2dcc0fb7f3a1c3b83d47/testbuild/testprog[0m

['/usr/bin/clang', '-arch', 'x86_64', 'test.c.1.o', '-o/Users/Qianshu/Downloads/code/plc_3.0/plc-3.01/build/.conf_check_9cf15f664b1f2dcc0fb7f3a1c3b83d47/testbuild/testprog', '-Wl,-rpath,/Users/Qianshu/Downloads/code/plc_3.0/plc-3.01/lib', '-Wl,-rpath,/System/Library/Frameworks/Accelerate.framework/Versions/Current/Frameworks/vecLib.framework/Versions/Current', '-L/System/Library/Frameworks/Accelerate.framework/Versions/Current/Frameworks/vecLib.framework/Versions/Current', '-lBLAS', '-lLAPACK']
yes
--------------------------------------------------------------------------
checking for function 'dposv'
==>
#include <lapack_clik.h>

int main(int argc, char **argv) {
void (*p)();
(void)argc; (void)argv;
p=(void(*)())(dposv);
return !p;
}
<==
[1/2] Compiling [32mbuild/.conf_check_194de27631e4a270573e307bfe4d48ea/test.c[0m

['/usr/bin/clang', '-I../../../include', '-DPYTHONDIR="/Users/Qianshu/Downloads/code/plc_3.0/plc-3.01/lib/python2.7/site-packages"', '-DPYTHONARCHDIR="/Users/Qianshu/Downloads/code/plc_3.0/plc-3.01/lib/python2.7/site-packages"', '-DHAVE_PYEMBED=1', '-DHAVE_PYTHON_H=1', '-DHAS_LAPACK', '-DLAPACK_CLIK', '../test.c', '-c', '-o/Users/Qianshu/Downloads/code/plc_3.0/plc-3.01/build/.conf_check_194de27631e4a270573e307bfe4d48ea/testbuild/test.c.1.o']
[2/2] Linking [33mbuild/.conf_check_194de27631e4a270573e307bfe4d48ea/testbuild/testprog[0m

['/usr/bin/clang', '-arch', 'x86_64', 'test.c.1.o', '-o/Users/Qianshu/Downloads/code/plc_3.0/plc-3.01/build/.conf_check_194de27631e4a270573e307bfe4d48ea/testbuild/testprog', '-Wl,-rpath,/Users/Qianshu/Downloads/code/plc_3.0/plc-3.01/lib', '-Wl,-rpath,/System/Library/Frameworks/Accelerate.framework/Versions/Current/Frameworks/vecLib.framework/Versions/Current', '-L/System/Library/Frameworks/Accelerate.framework/Versions/Current/Frameworks/vecLib.framework/Versions/Current', '-lBLAS', '-lLAPACK']
yes
--------------------------------------------------------------------------
checking for function 'dtrsv'
==>
#include <lapack_clik.h>

int main(int argc, char **argv) {
void (*p)();
(void)argc; (void)argv;
p=(void(*)())(dtrsv);
return !p;
}
<==
[1/2] Compiling [32mbuild/.conf_check_07ed699a0cc5692975c75c4b49c1b15f/test.c[0m

['/usr/bin/clang', '-I../../../include', '-DPYTHONDIR="/Users/Qianshu/Downloads/code/plc_3.0/plc-3.01/lib/python2.7/site-packages"', '-DPYTHONARCHDIR="/Users/Qianshu/Downloads/code/plc_3.0/plc-3.01/lib/python2.7/site-packages"', '-DHAVE_PYEMBED=1', '-DHAVE_PYTHON_H=1', '-DHAS_LAPACK', '-DLAPACK_CLIK', '../test.c', '-c', '-o/Users/Qianshu/Downloads/code/plc_3.0/plc-3.01/build/.conf_check_07ed699a0cc5692975c75c4b49c1b15f/testbuild/test.c.1.o']
[2/2] Linking [33mbuild/.conf_check_07ed699a0cc5692975c75c4b49c1b15f/testbuild/testprog[0m

['/usr/bin/clang', '-arch', 'x86_64', 'test.c.1.o', '-o/Users/Qianshu/Downloads/code/plc_3.0/plc-3.01/build/.conf_check_07ed699a0cc5692975c75c4b49c1b15f/testbuild/testprog', '-Wl,-rpath,/Users/Qianshu/Downloads/code/plc_3.0/plc-3.01/lib', '-Wl,-rpath,/System/Library/Frameworks/Accelerate.framework/Versions/Current/Frameworks/vecLib.framework/Versions/Current', '-L/System/Library/Frameworks/Accelerate.framework/Versions/Current/Frameworks/vecLib.framework/Versions/Current', '-lBLAS', '-lLAPACK']
yes
--------------------------------------------------------------------------
checking for function 'dpotrf'
==>
#include <lapack_clik.h>

int main(int argc, char **argv) {
void (*p)();
(void)argc; (void)argv;
p=(void(*)())(dpotrf);
return !p;
}
<==
[1/2] Compiling [32mbuild/.conf_check_ba20f082f92484a26cf217ffa1fae479/test.c[0m

['/usr/bin/clang', '-I../../../include', '-DPYTHONDIR="/Users/Qianshu/Downloads/code/plc_3.0/plc-3.01/lib/python2.7/site-packages"', '-DPYTHONARCHDIR="/Users/Qianshu/Downloads/code/plc_3.0/plc-3.01/lib/python2.7/site-packages"', '-DHAVE_PYEMBED=1', '-DHAVE_PYTHON_H=1', '-DHAS_LAPACK', '-DLAPACK_CLIK', '../test.c', '-c', '-o/Users/Qianshu/Downloads/code/plc_3.0/plc-3.01/build/.conf_check_ba20f082f92484a26cf217ffa1fae479/testbuild/test.c.1.o']
[2/2] Linking [33mbuild/.conf_check_ba20f082f92484a26cf217ffa1fae479/testbuild/testprog[0m

['/usr/bin/clang', '-arch', 'x86_64', 'test.c.1.o', '-o/Users/Qianshu/Downloads/code/plc_3.0/plc-3.01/build/.conf_check_ba20f082f92484a26cf217ffa1fae479/testbuild/testprog', '-Wl,-rpath,/Users/Qianshu/Downloads/code/plc_3.0/plc-3.01/lib', '-Wl,-rpath,/System/Library/Frameworks/Accelerate.framework/Versions/Current/Frameworks/vecLib.framework/Versions/Current', '-L/System/Library/Frameworks/Accelerate.framework/Versions/Current/Frameworks/vecLib.framework/Versions/Current', '-lBLAS', '-lLAPACK']
yes
--------------------------------------------------------------------------
checking for function 'dpotrs'
==>
#include <lapack_clik.h>

int main(int argc, char **argv) {
void (*p)();
(void)argc; (void)argv;
p=(void(*)())(dpotrs);
return !p;
}
<==
[1/2] Compiling [32mbuild/.conf_check_e967bd6b3bd62f246ad3aabf3b8b9e7e/test.c[0m

['/usr/bin/clang', '-I../../../include', '-DPYTHONDIR="/Users/Qianshu/Downloads/code/plc_3.0/plc-3.01/lib/python2.7/site-packages"', '-DPYTHONARCHDIR="/Users/Qianshu/Downloads/code/plc_3.0/plc-3.01/lib/python2.7/site-packages"', '-DHAVE_PYEMBED=1', '-DHAVE_PYTHON_H=1', '-DHAS_LAPACK', '-DLAPACK_CLIK', '../test.c', '-c', '-o/Users/Qianshu/Downloads/code/plc_3.0/plc-3.01/build/.conf_check_e967bd6b3bd62f246ad3aabf3b8b9e7e/testbuild/test.c.1.o']
[2/2] Linking [33mbuild/.conf_check_e967bd6b3bd62f246ad3aabf3b8b9e7e/testbuild/testprog[0m

['/usr/bin/clang', '-arch', 'x86_64', 'test.c.1.o', '-o/Users/Qianshu/Downloads/code/plc_3.0/plc-3.01/build/.conf_check_e967bd6b3bd62f246ad3aabf3b8b9e7e/testbuild/testprog', '-Wl,-rpath,/Users/Qianshu/Downloads/code/plc_3.0/plc-3.01/lib', '-Wl,-rpath,/System/Library/Frameworks/Accelerate.framework/Versions/Current/Frameworks/vecLib.framework/Versions/Current', '-L/System/Library/Frameworks/Accelerate.framework/Versions/Current/Frameworks/vecLib.framework/Versions/Current', '-lBLAS', '-lLAPACK']
yes
--------------------------------------------------------------------------
checking for function 'dpotri'
==>
#include <lapack_clik.h>

int main(int argc, char **argv) {
void (*p)();
(void)argc; (void)argv;
p=(void(*)())(dpotri);
return !p;
}
<==
[1/2] Compiling [32mbuild/.conf_check_6faab2ce9145f7a8fd87d1506cbf276f/test.c[0m

['/usr/bin/clang', '-I../../../include', '-DPYTHONDIR="/Users/Qianshu/Downloads/code/plc_3.0/plc-3.01/lib/python2.7/site-packages"', '-DPYTHONARCHDIR="/Users/Qianshu/Downloads/code/plc_3.0/plc-3.01/lib/python2.7/site-packages"', '-DHAVE_PYEMBED=1', '-DHAVE_PYTHON_H=1', '-DHAS_LAPACK', '-DLAPACK_CLIK', '../test.c', '-c', '-o/Users/Qianshu/Downloads/code/plc_3.0/plc-3.01/build/.conf_check_6faab2ce9145f7a8fd87d1506cbf276f/testbuild/test.c.1.o']
[2/2] Linking [33mbuild/.conf_check_6faab2ce9145f7a8fd87d1506cbf276f/testbuild/testprog[0m

['/usr/bin/clang', '-arch', 'x86_64', 'test.c.1.o', '-o/Users/Qianshu/Downloads/code/plc_3.0/plc-3.01/build/.conf_check_6faab2ce9145f7a8fd87d1506cbf276f/testbuild/testprog', '-Wl,-rpath,/Users/Qianshu/Downloads/code/plc_3.0/plc-3.01/lib', '-Wl,-rpath,/System/Library/Frameworks/Accelerate.framework/Versions/Current/Frameworks/vecLib.framework/Versions/Current', '-L/System/Library/Frameworks/Accelerate.framework/Versions/Current/Frameworks/vecLib.framework/Versions/Current', '-lBLAS', '-lLAPACK']
yes
--------------------------------------------------------------------------
checking for function 'dtrtri'
==>
#include <lapack_clik.h>

int main(int argc, char **argv) {
void (*p)();
(void)argc; (void)argv;
p=(void(*)())(dtrtri);
return !p;
}
<==
[1/2] Compiling [32mbuild/.conf_check_7c72244eed74b7d958f5b9ef5905c87f/test.c[0m

['/usr/bin/clang', '-I../../../include', '-DPYTHONDIR="/Users/Qianshu/Downloads/code/plc_3.0/plc-3.01/lib/python2.7/site-packages"', '-DPYTHONARCHDIR="/Users/Qianshu/Downloads/code/plc_3.0/plc-3.01/lib/python2.7/site-packages"', '-DHAVE_PYEMBED=1', '-DHAVE_PYTHON_H=1', '-DHAS_LAPACK', '-DLAPACK_CLIK', '../test.c', '-c', '-o/Users/Qianshu/Downloads/code/plc_3.0/plc-3.01/build/.conf_check_7c72244eed74b7d958f5b9ef5905c87f/testbuild/test.c.1.o']
[2/2] Linking [33mbuild/.conf_check_7c72244eed74b7d958f5b9ef5905c87f/testbuild/testprog[0m

['/usr/bin/clang', '-arch', 'x86_64', 'test.c.1.o', '-o/Users/Qianshu/Downloads/code/plc_3.0/plc-3.01/build/.conf_check_7c72244eed74b7d958f5b9ef5905c87f/testbuild/testprog', '-Wl,-rpath,/Users/Qianshu/Downloads/code/plc_3.0/plc-3.01/lib', '-Wl,-rpath,/System/Library/Frameworks/Accelerate.framework/Versions/Current/Frameworks/vecLib.framework/Versions/Current', '-L/System/Library/Frameworks/Accelerate.framework/Versions/Current/Frameworks/vecLib.framework/Versions/Current', '-lBLAS', '-lLAPACK']
yes
--------------------------------------------------------------------------
checking for function 'dtrmm'
==>
#include <lapack_clik.h>

int main(int argc, char **argv) {
void (*p)();
(void)argc; (void)argv;
p=(void(*)())(dtrmm);
return !p;
}
<==
[1/2] Compiling [32mbuild/.conf_check_115009250248dcaeefb25de5e409137a/test.c[0m

['/usr/bin/clang', '-I../../../include', '-DPYTHONDIR="/Users/Qianshu/Downloads/code/plc_3.0/plc-3.01/lib/python2.7/site-packages"', '-DPYTHONARCHDIR="/Users/Qianshu/Downloads/code/plc_3.0/plc-3.01/lib/python2.7/site-packages"', '-DHAVE_PYEMBED=1', '-DHAVE_PYTHON_H=1', '-DHAS_LAPACK', '-DLAPACK_CLIK', '../test.c', '-c', '-o/Users/Qianshu/Downloads/code/plc_3.0/plc-3.01/build/.conf_check_115009250248dcaeefb25de5e409137a/testbuild/test.c.1.o']
[2/2] Linking [33mbuild/.conf_check_115009250248dcaeefb25de5e409137a/testbuild/testprog[0m

['/usr/bin/clang', '-arch', 'x86_64', 'test.c.1.o', '-o/Users/Qianshu/Downloads/code/plc_3.0/plc-3.01/build/.conf_check_115009250248dcaeefb25de5e409137a/testbuild/testprog', '-Wl,-rpath,/Users/Qianshu/Downloads/code/plc_3.0/plc-3.01/lib', '-Wl,-rpath,/System/Library/Frameworks/Accelerate.framework/Versions/Current/Frameworks/vecLib.framework/Versions/Current', '-L/System/Library/Frameworks/Accelerate.framework/Versions/Current/Frameworks/vecLib.framework/Versions/Current', '-lBLAS', '-lLAPACK']
yes
--------------------------------------------------------------------------
checking for function 'dtrmv'
==>
#include <lapack_clik.h>

int main(int argc, char **argv) {
void (*p)();
(void)argc; (void)argv;
p=(void(*)())(dtrmv);
return !p;
}
<==
[1/2] Compiling [32mbuild/.conf_check_a22022cac6521314aa4f1b1211243fe2/test.c[0m

['/usr/bin/clang', '-I../../../include', '-DPYTHONDIR="/Users/Qianshu/Downloads/code/plc_3.0/plc-3.01/lib/python2.7/site-packages"', '-DPYTHONARCHDIR="/Users/Qianshu/Downloads/code/plc_3.0/plc-3.01/lib/python2.7/site-packages"', '-DHAVE_PYEMBED=1', '-DHAVE_PYTHON_H=1', '-DHAS_LAPACK', '-DLAPACK_CLIK', '../test.c', '-c', '-o/Users/Qianshu/Downloads/code/plc_3.0/plc-3.01/build/.conf_check_a22022cac6521314aa4f1b1211243fe2/testbuild/test.c.1.o']
[2/2] Linking [33mbuild/.conf_check_a22022cac6521314aa4f1b1211243fe2/testbuild/testprog[0m

['/usr/bin/clang', '-arch', 'x86_64', 'test.c.1.o', '-o/Users/Qianshu/Downloads/code/plc_3.0/plc-3.01/build/.conf_check_a22022cac6521314aa4f1b1211243fe2/testbuild/testprog', '-Wl,-rpath,/Users/Qianshu/Downloads/code/plc_3.0/plc-3.01/lib', '-Wl,-rpath,/System/Library/Frameworks/Accelerate.framework/Versions/Current/Frameworks/vecLib.framework/Versions/Current', '-L/System/Library/Frameworks/Accelerate.framework/Versions/Current/Frameworks/vecLib.framework/Versions/Current', '-lBLAS', '-lLAPACK']
yes
--------------------------------------------------------------------------
checking for function 'dgeqrf'
==>
#include <lapack_clik.h>

int main(int argc, char **argv) {
void (*p)();
(void)argc; (void)argv;
p=(void(*)())(dgeqrf);
return !p;
}
<==
[1/2] Compiling [32mbuild/.conf_check_c014047e0b512f0a07c6356475cebcd4/test.c[0m

['/usr/bin/clang', '-I../../../include', '-DPYTHONDIR="/Users/Qianshu/Downloads/code/plc_3.0/plc-3.01/lib/python2.7/site-packages"', '-DPYTHONARCHDIR="/Users/Qianshu/Downloads/code/plc_3.0/plc-3.01/lib/python2.7/site-packages"', '-DHAVE_PYEMBED=1', '-DHAVE_PYTHON_H=1', '-DHAS_LAPACK', '-DLAPACK_CLIK', '../test.c', '-c', '-o/Users/Qianshu/Downloads/code/plc_3.0/plc-3.01/build/.conf_check_c014047e0b512f0a07c6356475cebcd4/testbuild/test.c.1.o']
[2/2] Linking [33mbuild/.conf_check_c014047e0b512f0a07c6356475cebcd4/testbuild/testprog[0m

['/usr/bin/clang', '-arch', 'x86_64', 'test.c.1.o', '-o/Users/Qianshu/Downloads/code/plc_3.0/plc-3.01/build/.conf_check_c014047e0b512f0a07c6356475cebcd4/testbuild/testprog', '-Wl,-rpath,/Users/Qianshu/Downloads/code/plc_3.0/plc-3.01/lib', '-Wl,-rpath,/System/Library/Frameworks/Accelerate.framework/Versions/Current/Frameworks/vecLib.framework/Versions/Current', '-L/System/Library/Frameworks/Accelerate.framework/Versions/Current/Frameworks/vecLib.framework/Versions/Current', '-lBLAS', '-lLAPACK']
yes
--------------------------------------------------------------------------
checking for function 'dormqr'
==>
#include <lapack_clik.h>

int main(int argc, char **argv) {
void (*p)();
(void)argc; (void)argv;
p=(void(*)())(dormqr);
return !p;
}
<==
[1/2] Compiling [32mbuild/.conf_check_420d3b228bfc3a3f6617a7a0e4a4bc9b/test.c[0m

['/usr/bin/clang', '-I../../../include', '-DPYTHONDIR="/Users/Qianshu/Downloads/code/plc_3.0/plc-3.01/lib/python2.7/site-packages"', '-DPYTHONARCHDIR="/Users/Qianshu/Downloads/code/plc_3.0/plc-3.01/lib/python2.7/site-packages"', '-DHAVE_PYEMBED=1', '-DHAVE_PYTHON_H=1', '-DHAS_LAPACK', '-DLAPACK_CLIK', '../test.c', '-c', '-o/Users/Qianshu/Downloads/code/plc_3.0/plc-3.01/build/.conf_check_420d3b228bfc3a3f6617a7a0e4a4bc9b/testbuild/test.c.1.o']
[2/2] Linking [33mbuild/.conf_check_420d3b228bfc3a3f6617a7a0e4a4bc9b/testbuild/testprog[0m

['/usr/bin/clang', '-arch', 'x86_64', 'test.c.1.o', '-o/Users/Qianshu/Downloads/code/plc_3.0/plc-3.01/build/.conf_check_420d3b228bfc3a3f6617a7a0e4a4bc9b/testbuild/testprog', '-Wl,-rpath,/Users/Qianshu/Downloads/code/plc_3.0/plc-3.01/lib', '-Wl,-rpath,/System/Library/Frameworks/Accelerate.framework/Versions/Current/Frameworks/vecLib.framework/Versions/Current', '-L/System/Library/Frameworks/Accelerate.framework/Versions/Current/Frameworks/vecLib.framework/Versions/Current', '-lBLAS', '-lLAPACK']
yes
--------------------------------------------------------------------------
checking for function 'dsyev'
==>
#include <lapack_clik.h>

int main(int argc, char **argv) {
void (*p)();
(void)argc; (void)argv;
p=(void(*)())(dsyev);
return !p;
}
<==
[1/2] Compiling [32mbuild/.conf_check_2da4c65bb9a6c45d90ead6d645cb0e47/test.c[0m

['/usr/bin/clang', '-I../../../include', '-DPYTHONDIR="/Users/Qianshu/Downloads/code/plc_3.0/plc-3.01/lib/python2.7/site-packages"', '-DPYTHONARCHDIR="/Users/Qianshu/Downloads/code/plc_3.0/plc-3.01/lib/python2.7/site-packages"', '-DHAVE_PYEMBED=1', '-DHAVE_PYTHON_H=1', '-DHAS_LAPACK', '-DLAPACK_CLIK', '../test.c', '-c', '-o/Users/Qianshu/Downloads/code/plc_3.0/plc-3.01/build/.conf_check_2da4c65bb9a6c45d90ead6d645cb0e47/testbuild/test.c.1.o']
[2/2] Linking [33mbuild/.conf_check_2da4c65bb9a6c45d90ead6d645cb0e47/testbuild/testprog[0m

['/usr/bin/clang', '-arch', 'x86_64', 'test.c.1.o', '-o/Users/Qianshu/Downloads/code/plc_3.0/plc-3.01/build/.conf_check_2da4c65bb9a6c45d90ead6d645cb0e47/testbuild/testprog', '-Wl,-rpath,/Users/Qianshu/Downloads/code/plc_3.0/plc-3.01/lib', '-Wl,-rpath,/System/Library/Frameworks/Accelerate.framework/Versions/Current/Frameworks/vecLib.framework/Versions/Current', '-L/System/Library/Frameworks/Accelerate.framework/Versions/Current/Frameworks/vecLib.framework/Versions/Current', '-lBLAS', '-lLAPACK']
yes
--------------------------------------------------------------------------
checking for function 'dgesvd'
==>
#include <lapack_clik.h>

int main(int argc, char **argv) {
void (*p)();
(void)argc; (void)argv;
p=(void(*)())(dgesvd);
return !p;
}
<==
[1/2] Compiling [32mbuild/.conf_check_8f7e6d3245c7f97019bbe7e62b3dcddf/test.c[0m

['/usr/bin/clang', '-I../../../include', '-DPYTHONDIR="/Users/Qianshu/Downloads/code/plc_3.0/plc-3.01/lib/python2.7/site-packages"', '-DPYTHONARCHDIR="/Users/Qianshu/Downloads/code/plc_3.0/plc-3.01/lib/python2.7/site-packages"', '-DHAVE_PYEMBED=1', '-DHAVE_PYTHON_H=1', '-DHAS_LAPACK', '-DLAPACK_CLIK', '../test.c', '-c', '-o/Users/Qianshu/Downloads/code/plc_3.0/plc-3.01/build/.conf_check_8f7e6d3245c7f97019bbe7e62b3dcddf/testbuild/test.c.1.o']
[2/2] Linking [33mbuild/.conf_check_8f7e6d3245c7f97019bbe7e62b3dcddf/testbuild/testprog[0m

['/usr/bin/clang', '-arch', 'x86_64', 'test.c.1.o', '-o/Users/Qianshu/Downloads/code/plc_3.0/plc-3.01/build/.conf_check_8f7e6d3245c7f97019bbe7e62b3dcddf/testbuild/testprog', '-Wl,-rpath,/Users/Qianshu/Downloads/code/plc_3.0/plc-3.01/lib', '-Wl,-rpath,/System/Library/Frameworks/Accelerate.framework/Versions/Current/Frameworks/vecLib.framework/Versions/Current', '-L/System/Library/Frameworks/Accelerate.framework/Versions/Current/Frameworks/vecLib.framework/Versions/Current', '-lBLAS', '-lLAPACK']
yes
--------------------------------------------------------------------------
checking for function 'dsymv'
==>
#include <lapack_clik.h>

int main(int argc, char **argv) {
void (*p)();
(void)argc; (void)argv;
p=(void(*)())(dsymv);
return !p;
}
<==
[1/2] Compiling [32mbuild/.conf_check_cc2940ab6da11ce39a3022a5a5d3406d/test.c[0m

['/usr/bin/clang', '-I../../../include', '-DPYTHONDIR="/Users/Qianshu/Downloads/code/plc_3.0/plc-3.01/lib/python2.7/site-packages"', '-DPYTHONARCHDIR="/Users/Qianshu/Downloads/code/plc_3.0/plc-3.01/lib/python2.7/site-packages"', '-DHAVE_PYEMBED=1', '-DHAVE_PYTHON_H=1', '-DHAS_LAPACK', '-DLAPACK_CLIK', '../test.c', '-c', '-o/Users/Qianshu/Downloads/code/plc_3.0/plc-3.01/build/.conf_check_cc2940ab6da11ce39a3022a5a5d3406d/testbuild/test.c.1.o']
[2/2] Linking [33mbuild/.conf_check_cc2940ab6da11ce39a3022a5a5d3406d/testbuild/testprog[0m

['/usr/bin/clang', '-arch', 'x86_64', 'test.c.1.o', '-o/Users/Qianshu/Downloads/code/plc_3.0/plc-3.01/build/.conf_check_cc2940ab6da11ce39a3022a5a5d3406d/testbuild/testprog', '-Wl,-rpath,/Users/Qianshu/Downloads/code/plc_3.0/plc-3.01/lib', '-Wl,-rpath,/System/Library/Frameworks/Accelerate.framework/Versions/Current/Frameworks/vecLib.framework/Versions/Current', '-L/System/Library/Frameworks/Accelerate.framework/Versions/Current/Frameworks/vecLib.framework/Versions/Current', '-lBLAS', '-lLAPACK']
yes
--------------------------------------------------------------------------
checking for function 'dgemv'
==>
#include <lapack_clik.h>

int main(int argc, char **argv) {
void (*p)();
(void)argc; (void)argv;
p=(void(*)())(dgemv);
return !p;
}
<==
[1/2] Compiling [32mbuild/.conf_check_28f862f2e86a199d6e1b3a4c5c21ff93/test.c[0m

['/usr/bin/clang', '-I../../../include', '-DPYTHONDIR="/Users/Qianshu/Downloads/code/plc_3.0/plc-3.01/lib/python2.7/site-packages"', '-DPYTHONARCHDIR="/Users/Qianshu/Downloads/code/plc_3.0/plc-3.01/lib/python2.7/site-packages"', '-DHAVE_PYEMBED=1', '-DHAVE_PYTHON_H=1', '-DHAS_LAPACK', '-DLAPACK_CLIK', '../test.c', '-c', '-o/Users/Qianshu/Downloads/code/plc_3.0/plc-3.01/build/.conf_check_28f862f2e86a199d6e1b3a4c5c21ff93/testbuild/test.c.1.o']
[2/2] Linking [33mbuild/.conf_check_28f862f2e86a199d6e1b3a4c5c21ff93/testbuild/testprog[0m

['/usr/bin/clang', '-arch', 'x86_64', 'test.c.1.o', '-o/Users/Qianshu/Downloads/code/plc_3.0/plc-3.01/build/.conf_check_28f862f2e86a199d6e1b3a4c5c21ff93/testbuild/testprog', '-Wl,-rpath,/Users/Qianshu/Downloads/code/plc_3.0/plc-3.01/lib', '-Wl,-rpath,/System/Library/Frameworks/Accelerate.framework/Versions/Current/Frameworks/vecLib.framework/Versions/Current', '-L/System/Library/Frameworks/Accelerate.framework/Versions/Current/Frameworks/vecLib.framework/Versions/Current', '-lBLAS', '-lLAPACK']
yes
--------------------------------------------------------------------------
checking for function 'dgemm'
==>
#include <lapack_clik.h>

int main(int argc, char **argv) {
void (*p)();
(void)argc; (void)argv;
p=(void(*)())(dgemm);
return !p;
}
<==
[1/2] Compiling [32mbuild/.conf_check_1cde07ecdd8fd5b1d2d292a1e783c8df/test.c[0m

['/usr/bin/clang', '-I../../../include', '-DPYTHONDIR="/Users/Qianshu/Downloads/code/plc_3.0/plc-3.01/lib/python2.7/site-packages"', '-DPYTHONARCHDIR="/Users/Qianshu/Downloads/code/plc_3.0/plc-3.01/lib/python2.7/site-packages"', '-DHAVE_PYEMBED=1', '-DHAVE_PYTHON_H=1', '-DHAS_LAPACK', '-DLAPACK_CLIK', '../test.c', '-c', '-o/Users/Qianshu/Downloads/code/plc_3.0/plc-3.01/build/.conf_check_1cde07ecdd8fd5b1d2d292a1e783c8df/testbuild/test.c.1.o']
[2/2] Linking [33mbuild/.conf_check_1cde07ecdd8fd5b1d2d292a1e783c8df/testbuild/testprog[0m

['/usr/bin/clang', '-arch', 'x86_64', 'test.c.1.o', '-o/Users/Qianshu/Downloads/code/plc_3.0/plc-3.01/build/.conf_check_1cde07ecdd8fd5b1d2d292a1e783c8df/testbuild/testprog', '-Wl,-rpath,/Users/Qianshu/Downloads/code/plc_3.0/plc-3.01/lib', '-Wl,-rpath,/System/Library/Frameworks/Accelerate.framework/Versions/Current/Frameworks/vecLib.framework/Versions/Current', '-L/System/Library/Frameworks/Accelerate.framework/Versions/Current/Frameworks/vecLib.framework/Versions/Current', '-lBLAS', '-lLAPACK']
yes
--------------------------------------------------------------------------
checking for function 'dsyrk'
==>
#include <lapack_clik.h>

int main(int argc, char **argv) {
void (*p)();
(void)argc; (void)argv;
p=(void(*)())(dsyrk);
return !p;
}
<==
[1/2] Compiling [32mbuild/.conf_check_4ad59e5b4d40c1c3f969b11f96f8586a/test.c[0m

['/usr/bin/clang', '-I../../../include', '-DPYTHONDIR="/Users/Qianshu/Downloads/code/plc_3.0/plc-3.01/lib/python2.7/site-packages"', '-DPYTHONARCHDIR="/Users/Qianshu/Downloads/code/plc_3.0/plc-3.01/lib/python2.7/site-packages"', '-DHAVE_PYEMBED=1', '-DHAVE_PYTHON_H=1', '-DHAS_LAPACK', '-DLAPACK_CLIK', '../test.c', '-c', '-o/Users/Qianshu/Downloads/code/plc_3.0/plc-3.01/build/.conf_check_4ad59e5b4d40c1c3f969b11f96f8586a/testbuild/test.c.1.o']
[2/2] Linking [33mbuild/.conf_check_4ad59e5b4d40c1c3f969b11f96f8586a/testbuild/testprog[0m

['/usr/bin/clang', '-arch', 'x86_64', 'test.c.1.o', '-o/Users/Qianshu/Downloads/code/plc_3.0/plc-3.01/build/.conf_check_4ad59e5b4d40c1c3f969b11f96f8586a/testbuild/testprog', '-Wl,-rpath,/Users/Qianshu/Downloads/code/plc_3.0/plc-3.01/lib', '-Wl,-rpath,/System/Library/Frameworks/Accelerate.framework/Versions/Current/Frameworks/vecLib.framework/Versions/Current', '-L/System/Library/Frameworks/Accelerate.framework/Versions/Current/Frameworks/vecLib.framework/Versions/Current', '-lBLAS', '-lLAPACK']
yes
--------------------------------------------------------------------------
checking for function 'dsyr2k'
==>
#include <lapack_clik.h>

int main(int argc, char **argv) {
void (*p)();
(void)argc; (void)argv;
p=(void(*)())(dsyr2k);
return !p;
}
<==
[1/2] Compiling [32mbuild/.conf_check_a4385f3679a0c8e210fe08ebe602d4b8/test.c[0m

['/usr/bin/clang', '-I../../../include', '-DPYTHONDIR="/Users/Qianshu/Downloads/code/plc_3.0/plc-3.01/lib/python2.7/site-packages"', '-DPYTHONARCHDIR="/Users/Qianshu/Downloads/code/plc_3.0/plc-3.01/lib/python2.7/site-packages"', '-DHAVE_PYEMBED=1', '-DHAVE_PYTHON_H=1', '-DHAS_LAPACK', '-DLAPACK_CLIK', '../test.c', '-c', '-o/Users/Qianshu/Downloads/code/plc_3.0/plc-3.01/build/.conf_check_a4385f3679a0c8e210fe08ebe602d4b8/testbuild/test.c.1.o']
[2/2] Linking [33mbuild/.conf_check_a4385f3679a0c8e210fe08ebe602d4b8/testbuild/testprog[0m

['/usr/bin/clang', '-arch', 'x86_64', 'test.c.1.o', '-o/Users/Qianshu/Downloads/code/plc_3.0/plc-3.01/build/.conf_check_a4385f3679a0c8e210fe08ebe602d4b8/testbuild/testprog', '-Wl,-rpath,/Users/Qianshu/Downloads/code/plc_3.0/plc-3.01/lib', '-Wl,-rpath,/System/Library/Frameworks/Accelerate.framework/Versions/Current/Frameworks/vecLib.framework/Versions/Current', '-L/System/Library/Frameworks/Accelerate.framework/Versions/Current/Frameworks/vecLib.framework/Versions/Current', '-lBLAS', '-lLAPACK']
yes
--------------------------------------------------------------------------
checking for function 'daxpy'
==>
#include <lapack_clik.h>

int main(int argc, char **argv) {
void (*p)();
(void)argc; (void)argv;
p=(void(*)())(daxpy);
return !p;
}
<==
[1/2] Compiling [32mbuild/.conf_check_605f140382a33cbe5d8aa51177029d73/test.c[0m

['/usr/bin/clang', '-I../../../include', '-DPYTHONDIR="/Users/Qianshu/Downloads/code/plc_3.0/plc-3.01/lib/python2.7/site-packages"', '-DPYTHONARCHDIR="/Users/Qianshu/Downloads/code/plc_3.0/plc-3.01/lib/python2.7/site-packages"', '-DHAVE_PYEMBED=1', '-DHAVE_PYTHON_H=1', '-DHAS_LAPACK', '-DLAPACK_CLIK', '../test.c', '-c', '-o/Users/Qianshu/Downloads/code/plc_3.0/plc-3.01/build/.conf_check_605f140382a33cbe5d8aa51177029d73/testbuild/test.c.1.o']
[2/2] Linking [33mbuild/.conf_check_605f140382a33cbe5d8aa51177029d73/testbuild/testprog[0m

['/usr/bin/clang', '-arch', 'x86_64', 'test.c.1.o', '-o/Users/Qianshu/Downloads/code/plc_3.0/plc-3.01/build/.conf_check_605f140382a33cbe5d8aa51177029d73/testbuild/testprog', '-Wl,-rpath,/Users/Qianshu/Downloads/code/plc_3.0/plc-3.01/lib', '-Wl,-rpath,/System/Library/Frameworks/Accelerate.framework/Versions/Current/Frameworks/vecLib.framework/Versions/Current', '-L/System/Library/Frameworks/Accelerate.framework/Versions/Current/Frameworks/vecLib.framework/Versions/Current', '-lBLAS', '-lLAPACK']
yes
--------------------------------------------------------------------------
checking for function 'dtrsm'
==>
#include <lapack_clik.h>

int main(int argc, char **argv) {
void (*p)();
(void)argc; (void)argv;
p=(void(*)())(dtrsm);
return !p;
}
<==
[1/2] Compiling [32mbuild/.conf_check_d25216fa15d7350070bc7723a3836e2c/test.c[0m

['/usr/bin/clang', '-I../../../include', '-DPYTHONDIR="/Users/Qianshu/Downloads/code/plc_3.0/plc-3.01/lib/python2.7/site-packages"', '-DPYTHONARCHDIR="/Users/Qianshu/Downloads/code/plc_3.0/plc-3.01/lib/python2.7/site-packages"', '-DHAVE_PYEMBED=1', '-DHAVE_PYTHON_H=1', '-DHAS_LAPACK', '-DLAPACK_CLIK', '../test.c', '-c', '-o/Users/Qianshu/Downloads/code/plc_3.0/plc-3.01/build/.conf_check_d25216fa15d7350070bc7723a3836e2c/testbuild/test.c.1.o']
[2/2] Linking [33mbuild/.conf_check_d25216fa15d7350070bc7723a3836e2c/testbuild/testprog[0m

['/usr/bin/clang', '-arch', 'x86_64', 'test.c.1.o', '-o/Users/Qianshu/Downloads/code/plc_3.0/plc-3.01/build/.conf_check_d25216fa15d7350070bc7723a3836e2c/testbuild/testprog', '-Wl,-rpath,/Users/Qianshu/Downloads/code/plc_3.0/plc-3.01/lib', '-Wl,-rpath,/System/Library/Frameworks/Accelerate.framework/Versions/Current/Frameworks/vecLib.framework/Versions/Current', '-L/System/Library/Frameworks/Accelerate.framework/Versions/Current/Frameworks/vecLib.framework/Versions/Current', '-lBLAS', '-lLAPACK']
yes
--------------------------------------------------------------------------
checking for function 'dsymm'
==>
#include <lapack_clik.h>

int main(int argc, char **argv) {
void (*p)();
(void)argc; (void)argv;
p=(void(*)())(dsymm);
return !p;
}
<==
[1/2] Compiling [32mbuild/.conf_check_5898b947f71de1b28542cef369aac084/test.c[0m

['/usr/bin/clang', '-I../../../include', '-DPYTHONDIR="/Users/Qianshu/Downloads/code/plc_3.0/plc-3.01/lib/python2.7/site-packages"', '-DPYTHONARCHDIR="/Users/Qianshu/Downloads/code/plc_3.0/plc-3.01/lib/python2.7/site-packages"', '-DHAVE_PYEMBED=1', '-DHAVE_PYTHON_H=1', '-DHAS_LAPACK', '-DLAPACK_CLIK', '../test.c', '-c', '-o/Users/Qianshu/Downloads/code/plc_3.0/plc-3.01/build/.conf_check_5898b947f71de1b28542cef369aac084/testbuild/test.c.1.o']
[2/2] Linking [33mbuild/.conf_check_5898b947f71de1b28542cef369aac084/testbuild/testprog[0m

['/usr/bin/clang', '-arch', 'x86_64', 'test.c.1.o', '-o/Users/Qianshu/Downloads/code/plc_3.0/plc-3.01/build/.conf_check_5898b947f71de1b28542cef369aac084/testbuild/testprog', '-Wl,-rpath,/Users/Qianshu/Downloads/code/plc_3.0/plc-3.01/lib', '-Wl,-rpath,/System/Library/Frameworks/Accelerate.framework/Versions/Current/Frameworks/vecLib.framework/Versions/Current', '-L/System/Library/Frameworks/Accelerate.framework/Versions/Current/Frameworks/vecLib.framework/Versions/Current', '-lBLAS', '-lLAPACK']
yes
--------------------------------------------------------------------------
checking for function 'dsyr'
==>
#include <lapack_clik.h>

int main(int argc, char **argv) {
void (*p)();
(void)argc; (void)argv;
p=(void(*)())(dsyr);
return !p;
}
<==
[1/2] Compiling [32mbuild/.conf_check_a2e2572b8ae9988b746a81ed0f1dc15f/test.c[0m

['/usr/bin/clang', '-I../../../include', '-DPYTHONDIR="/Users/Qianshu/Downloads/code/plc_3.0/plc-3.01/lib/python2.7/site-packages"', '-DPYTHONARCHDIR="/Users/Qianshu/Downloads/code/plc_3.0/plc-3.01/lib/python2.7/site-packages"', '-DHAVE_PYEMBED=1', '-DHAVE_PYTHON_H=1', '-DHAS_LAPACK', '-DLAPACK_CLIK', '../test.c', '-c', '-o/Users/Qianshu/Downloads/code/plc_3.0/plc-3.01/build/.conf_check_a2e2572b8ae9988b746a81ed0f1dc15f/testbuild/test.c.1.o']
[2/2] Linking [33mbuild/.conf_check_a2e2572b8ae9988b746a81ed0f1dc15f/testbuild/testprog[0m

['/usr/bin/clang', '-arch', 'x86_64', 'test.c.1.o', '-o/Users/Qianshu/Downloads/code/plc_3.0/plc-3.01/build/.conf_check_a2e2572b8ae9988b746a81ed0f1dc15f/testbuild/testprog', '-Wl,-rpath,/Users/Qianshu/Downloads/code/plc_3.0/plc-3.01/lib', '-Wl,-rpath,/System/Library/Frameworks/Accelerate.framework/Versions/Current/Frameworks/vecLib.framework/Versions/Current', '-L/System/Library/Frameworks/Accelerate.framework/Versions/Current/Frameworks/vecLib.framework/Versions/Current', '-lBLAS', '-lLAPACK']
yes
--------------------------------------------------------------------------
checking for function 'ddot'
==>
#include <lapack_clik.h>

int main(int argc, char **argv) {
void (*p)();
(void)argc; (void)argv;
p=(void(*)())(ddot);
return !p;
}
<==
[1/2] Compiling [32mbuild/.conf_check_b92bc071471072bdd073a8976c5efea3/test.c[0m

['/usr/bin/clang', '-I../../../include', '-DPYTHONDIR="/Users/Qianshu/Downloads/code/plc_3.0/plc-3.01/lib/python2.7/site-packages"', '-DPYTHONARCHDIR="/Users/Qianshu/Downloads/code/plc_3.0/plc-3.01/lib/python2.7/site-packages"', '-DHAVE_PYEMBED=1', '-DHAVE_PYTHON_H=1', '-DHAS_LAPACK', '-DLAPACK_CLIK', '../test.c', '-c', '-o/Users/Qianshu/Downloads/code/plc_3.0/plc-3.01/build/.conf_check_b92bc071471072bdd073a8976c5efea3/testbuild/test.c.1.o']
[2/2] Linking [33mbuild/.conf_check_b92bc071471072bdd073a8976c5efea3/testbuild/testprog[0m

['/usr/bin/clang', '-arch', 'x86_64', 'test.c.1.o', '-o/Users/Qianshu/Downloads/code/plc_3.0/plc-3.01/build/.conf_check_b92bc071471072bdd073a8976c5efea3/testbuild/testprog', '-Wl,-rpath,/Users/Qianshu/Downloads/code/plc_3.0/plc-3.01/lib', '-Wl,-rpath,/System/Library/Frameworks/Accelerate.framework/Versions/Current/Frameworks/vecLib.framework/Versions/Current', '-L/System/Library/Frameworks/Accelerate.framework/Versions/Current/Frameworks/vecLib.framework/Versions/Current', '-lBLAS', '-lLAPACK']
yes
--------------------------------------------------------------------------
checking for function 'dsyevd'
==>
#include <lapack_clik.h>

int main(int argc, char **argv) {
void (*p)();
(void)argc; (void)argv;
p=(void(*)())(dsyevd);
return !p;
}
<==
[1/2] Compiling [32mbuild/.conf_check_928cdb3732224a89257ce3e17563425c/test.c[0m

['/usr/bin/clang', '-I../../../include', '-DPYTHONDIR="/Users/Qianshu/Downloads/code/plc_3.0/plc-3.01/lib/python2.7/site-packages"', '-DPYTHONARCHDIR="/Users/Qianshu/Downloads/code/plc_3.0/plc-3.01/lib/python2.7/site-packages"', '-DHAVE_PYEMBED=1', '-DHAVE_PYTHON_H=1', '-DHAS_LAPACK', '-DLAPACK_CLIK', '../test.c', '-c', '-o/Users/Qianshu/Downloads/code/plc_3.0/plc-3.01/build/.conf_check_928cdb3732224a89257ce3e17563425c/testbuild/test.c.1.o']
[2/2] Linking [33mbuild/.conf_check_928cdb3732224a89257ce3e17563425c/testbuild/testprog[0m

['/usr/bin/clang', '-arch', 'x86_64', 'test.c.1.o', '-o/Users/Qianshu/Downloads/code/plc_3.0/plc-3.01/build/.conf_check_928cdb3732224a89257ce3e17563425c/testbuild/testprog', '-Wl,-rpath,/Users/Qianshu/Downloads/code/plc_3.0/plc-3.01/lib', '-Wl,-rpath,/System/Library/Frameworks/Accelerate.framework/Versions/Current/Frameworks/vecLib.framework/Versions/Current', '-L/System/Library/Frameworks/Accelerate.framework/Versions/Current/Frameworks/vecLib.framework/Versions/Current', '-lBLAS', '-lLAPACK']
yes
--------------------------------------------------------------------------
checking for function 'dlamch'
==>
#include <lapack_clik.h>

int main(int argc, char **argv) {
void (*p)();
(void)argc; (void)argv;
p=(void(*)())(dlamch);
return !p;
}
<==
[1/2] Compiling [32mbuild/.conf_check_b96ccc7702d3c2a45ee13a3b40c4b032/test.c[0m

['/usr/bin/clang', '-I../../../include', '-DPYTHONDIR="/Users/Qianshu/Downloads/code/plc_3.0/plc-3.01/lib/python2.7/site-packages"', '-DPYTHONARCHDIR="/Users/Qianshu/Downloads/code/plc_3.0/plc-3.01/lib/python2.7/site-packages"', '-DHAVE_PYEMBED=1', '-DHAVE_PYTHON_H=1', '-DHAS_LAPACK', '-DLAPACK_CLIK', '../test.c', '-c', '-o/Users/Qianshu/Downloads/code/plc_3.0/plc-3.01/build/.conf_check_b96ccc7702d3c2a45ee13a3b40c4b032/testbuild/test.c.1.o']
[2/2] Linking [33mbuild/.conf_check_b96ccc7702d3c2a45ee13a3b40c4b032/testbuild/testprog[0m

['/usr/bin/clang', '-arch', 'x86_64', 'test.c.1.o', '-o/Users/Qianshu/Downloads/code/plc_3.0/plc-3.01/build/.conf_check_b96ccc7702d3c2a45ee13a3b40c4b032/testbuild/testprog', '-Wl,-rpath,/Users/Qianshu/Downloads/code/plc_3.0/plc-3.01/lib', '-Wl,-rpath,/System/Library/Frameworks/Accelerate.framework/Versions/Current/Frameworks/vecLib.framework/Versions/Current', '-L/System/Library/Frameworks/Accelerate.framework/Versions/Current/Frameworks/vecLib.framework/Versions/Current', '-lBLAS', '-lLAPACK']
yes
--------------------------------------------------------------------------
checking for function 'dsyevr'
==>
#include <lapack_clik.h>

int main(int argc, char **argv) {
void (*p)();
(void)argc; (void)argv;
p=(void(*)())(dsyevr);
return !p;
}
<==
[1/2] Compiling [32mbuild/.conf_check_805f458ba6d00cd2c3e3027f1a4e7a7d/test.c[0m

['/usr/bin/clang', '-I../../../include', '-DPYTHONDIR="/Users/Qianshu/Downloads/code/plc_3.0/plc-3.01/lib/python2.7/site-packages"', '-DPYTHONARCHDIR="/Users/Qianshu/Downloads/code/plc_3.0/plc-3.01/lib/python2.7/site-packages"', '-DHAVE_PYEMBED=1', '-DHAVE_PYTHON_H=1', '-DHAS_LAPACK', '-DLAPACK_CLIK', '../test.c', '-c', '-o/Users/Qianshu/Downloads/code/plc_3.0/plc-3.01/build/.conf_check_805f458ba6d00cd2c3e3027f1a4e7a7d/testbuild/test.c.1.o']
[2/2] Linking [33mbuild/.conf_check_805f458ba6d00cd2c3e3027f1a4e7a7d/testbuild/testprog[0m

['/usr/bin/clang', '-arch', 'x86_64', 'test.c.1.o', '-o/Users/Qianshu/Downloads/code/plc_3.0/plc-3.01/build/.conf_check_805f458ba6d00cd2c3e3027f1a4e7a7d/testbuild/testprog', '-Wl,-rpath,/Users/Qianshu/Downloads/code/plc_3.0/plc-3.01/lib', '-Wl,-rpath,/System/Library/Frameworks/Accelerate.framework/Versions/Current/Frameworks/vecLib.framework/Versions/Current', '-L/System/Library/Frameworks/Accelerate.framework/Versions/Current/Frameworks/vecLib.framework/Versions/Current', '-lBLAS', '-lLAPACK']
yes
--------------------------------------------------------------------------
Checking for library ['cfitsio']
==>

int main(int argc, char **argv) {
	(void)argc; (void)argv;
	return 0;
}

<==
[1/2] Compiling [32mbuild/.conf_check_80e429810aa76630c12dac1726696909/test.c[0m

['/usr/bin/clang', '-fPIC', '-dynamiclib', '-DPYTHONDIR="/Users/Qianshu/Downloads/code/plc_3.0/plc-3.01/lib/python2.7/site-packages"', '-DPYTHONARCHDIR="/Users/Qianshu/Downloads/code/plc_3.0/plc-3.01/lib/python2.7/site-packages"', '-DHAVE_PYEMBED=1', '-DHAVE_PYTHON_H=1', '-DHAVE_LAPACK_CLIK_H=1', '../test.c', '-c', '-o/Users/Qianshu/Downloads/code/plc_3.0/plc-3.01/build/.conf_check_80e429810aa76630c12dac1726696909/testbuild/test.c.1.o']
err: clang: warning: argument unused during compilation: '-dynamiclib' [-Wunused-command-line-argument]

[2/2] Linking [33mbuild/.conf_check_80e429810aa76630c12dac1726696909/testbuild/testprog[0m

['/usr/bin/clang', '-arch', 'x86_64', '-dynamiclib', 'test.c.1.o', '-o/Users/Qianshu/Downloads/code/plc_3.0/plc-3.01/build/.conf_check_80e429810aa76630c12dac1726696909/testbuild/testprog', '-Wl,-rpath,/Users/Qianshu/Downloads/code/plc_3.0/plc-3.01/lib', '-lcfitsio']
yes
--------------------------------------------------------------------------
checking for function 'fits_init_cfitsio'
==>
#include <fitsio.h>

int main(int argc, char **argv) {
void (*p)();
(void)argc; (void)argv;
p=(void(*)())(fits_init_cfitsio);
return !p;
}
<==
[1/2] Compiling [32mbuild/.conf_check_7b96a6911a553730d52a32653252edae/test.c[0m

['/usr/bin/clang', '-fPIC', '-dynamiclib', '-DPYTHONDIR="/Users/Qianshu/Downloads/code/plc_3.0/plc-3.01/lib/python2.7/site-packages"', '-DPYTHONARCHDIR="/Users/Qianshu/Downloads/code/plc_3.0/plc-3.01/lib/python2.7/site-packages"', '-DHAVE_PYEMBED=1', '-DHAVE_PYTHON_H=1', '-DHAVE_LAPACK_CLIK_H=1', '../test.c', '-c', '-o/Users/Qianshu/Downloads/code/plc_3.0/plc-3.01/build/.conf_check_7b96a6911a553730d52a32653252edae/testbuild/test.c.1.o']
err: clang: warning: argument unused during compilation: '-dynamiclib' [-Wunused-command-line-argument]

[2/2] Linking [33mbuild/.conf_check_7b96a6911a553730d52a32653252edae/testbuild/testprog[0m

['/usr/bin/clang', '-arch', 'x86_64', '-dynamiclib', 'test.c.1.o', '-o/Users/Qianshu/Downloads/code/plc_3.0/plc-3.01/build/.conf_check_7b96a6911a553730d52a32653252edae/testbuild/testprog', '-Wl,-rpath,/Users/Qianshu/Downloads/code/plc_3.0/plc-3.01/lib', '-lcfitsio']
yes
--------------------------------------------------------------------------
Python version allows for automatic install
yes (2.7.17)
--------------------------------------------------------------------------
Checking for program 'python'
/usr/local/opt/python@2/bin/python2.7
find program=['python'] paths=['/Users/Qianshu/.nvm/versions/node/v8.9.1/bin', '/opt/local/bin', '/opt/local/sbin', '/usr/local/bin', '/usr/bin', '/bin', '/usr/sbin', '/sbin', '/Library/TeX/texbin', '/opt/X11/bin', '/Users/Qianshu/Software/MG5_aMC_v2_4_2/bin/', '~/Scripts'] var='PYTHON' -> ['/usr/local/opt/python@2/bin/python2.7']
['/usr/local/opt/python@2/bin/python2.7', '-c', 'import imp;print(imp.get_tag())']
err: Traceback (most recent call last):
  File "<string>", line 1, in <module>
AttributeError: 'module' object has no attribute 'get_tag'

--------------------------------------------------------------------------
Checking python module 'numpy'
ok
--------------------------------------------------------------------------
Checking python module 'astropy'
ok
--------------------------------------------------------------------------
Checking for program 'python'
/usr/local/opt/python@2/bin/python2.7
find program=['python'] paths=['/Users/Qianshu/.nvm/versions/node/v8.9.1/bin', '/opt/local/bin', '/opt/local/sbin', '/usr/local/bin', '/usr/bin', '/bin', '/usr/sbin', '/sbin', '/Library/TeX/texbin', '/opt/X11/bin', '/Users/Qianshu/Software/MG5_aMC_v2_4_2/bin/', '~/Scripts'] var='PYTHON' -> ['/usr/local/opt/python@2/bin/python2.7']
['/usr/local/opt/python@2/bin/python2.7', '-c', 'import imp;print(imp.get_tag())']
err: Traceback (most recent call last):
  File "<string>", line 1, in <module>
AttributeError: 'module' object has no attribute 'get_tag'

--------------------------------------------------------------------------
Checking python module 'cython'
ok
--------------------------------------------------------------------------
Checking python module 'cython'
ok
--------------------------------------------------------------------------
Checking cython version (>0.20)
0.29.14
--------------------------------------------------------------------------
Checking for program 'cython'
/usr/local/bin/cython
find program=['cython'] paths=['/Users/Qianshu/.nvm/versions/node/v8.9.1/bin', '/opt/local/bin', '/opt/local/sbin', '/usr/local/bin', '/usr/bin', '/bin', '/usr/sbin', '/sbin', '/Library/TeX/texbin', '/opt/X11/bin', '/Users/Qianshu/Software/MG5_aMC_v2_4_2/bin/', '~/Scripts'] var='CYTHON' -> ['/usr/local/bin/cython']
--------------------------------------------------------------------------
Add plugin : 'rel2015'
ok
